TN:
SF:src/controllers/directQueryController.ts
FN:7,(anonymous_0)
FN:120,(anonymous_1)
FN:146,(anonymous_2)
FNF:3
FNH:0
FNDA:0,(anonymous_0)
FNDA:0,(anonymous_1)
FNDA:0,(anonymous_2)
DA:2,0
DA:3,0
DA:6,0
DA:8,0
DA:9,0
DA:11,0
DA:13,0
DA:23,0
DA:24,0
DA:31,0
DA:34,0
DA:35,0
DA:42,0
DA:46,0
DA:47,0
DA:49,0
DA:50,0
DA:57,0
DA:60,0
DA:61,0
DA:68,0
DA:73,0
DA:74,0
DA:75,0
DA:77,0
DA:85,0
DA:88,0
DA:92,0
DA:93,0
DA:101,0
DA:102,0
DA:104,0
DA:113,0
DA:120,0
DA:131,0
DA:147,0
DA:148,0
DA:150,0
DA:152,0
DA:153,0
DA:155,0
DA:157,0
LF:42
LH:0
BRDA:11,0,0,0
BRDA:11,1,0,0
BRDA:18,2,0,0
BRDA:18,2,1,0
BRDA:18,3,0,0
BRDA:18,3,1,0
BRDA:19,4,0,0
BRDA:19,4,1,0
BRDA:23,5,0,0
BRDA:34,6,0,0
BRDA:49,7,0,0
BRDA:49,8,0,0
BRDA:49,8,1,0
BRDA:60,9,0,0
BRDA:60,10,0,0
BRDA:60,10,1,0
BRDA:60,10,2,0
BRDA:73,11,0,0
BRDA:73,11,1,0
BRDA:82,12,0,0
BRDA:82,12,1,0
BRDA:108,13,0,0
BRDA:108,13,1,0
BRDA:108,14,0,0
BRDA:108,14,1,0
BRF:25
BRH:0
end_of_record
TN:
SF:src/middleware/errorHandler.ts
FN:10,(anonymous_0)
FN:20,(anonymous_1)
FN:83,(anonymous_2)
FN:84,(anonymous_3)
FNF:4
FNH:0
FNDA:0,(anonymous_0)
FNDA:0,(anonymous_1)
FNDA:0,(anonymous_2)
FNDA:0,(anonymous_3)
DA:2,0
DA:5,0
DA:11,0
DA:12,0
DA:13,0
DA:14,0
DA:16,0
DA:20,0
DA:26,0
DA:27,0
DA:28,0
DA:29,0
DA:31,0
DA:32,0
DA:33,0
DA:34,0
DA:35,0
DA:36,0
DA:37,0
DA:38,0
DA:39,0
DA:40,0
DA:41,0
DA:42,0
DA:43,0
DA:44,0
DA:45,0
DA:46,0
DA:47,0
DA:48,0
DA:49,0
DA:50,0
DA:54,0
DA:66,0
DA:80,0
DA:83,0
DA:84,0
DA:85,0
LF:38
LH:0
BRDA:10,0,0,0
BRDA:10,1,0,0
BRDA:31,2,0,0
BRDA:31,2,1,0
BRDA:35,3,0,0
BRDA:35,3,1,0
BRDA:39,4,0,0
BRDA:39,4,1,0
BRDA:43,5,0,0
BRDA:43,5,1,0
BRDA:47,6,0,0
BRDA:71,7,0,0
BRDA:71,7,1,0
BRDA:75,8,0,0
BRDA:75,8,1,0
BRF:15
BRH:0
end_of_record
TN:
SF:src/middleware/logs.ts
FNF:0
FNH:0
DA:1,0
DA:2,0
DA:5,0
DA:6,0
DA:7,0
LF:5
LH:0
BRDA:6,0,0,0
BRF:1
BRH:0
end_of_record
TN:
SF:src/middleware/validation.ts
FN:5,(anonymous_1)
FN:10,(anonymous_2)
FN:17,(anonymous_3)
FN:25,(anonymous_4)
FN:33,(anonymous_5)
FNF:5
FNH:0
FNDA:0,(anonymous_1)
FNDA:0,(anonymous_2)
FNDA:0,(anonymous_3)
FNDA:0,(anonymous_4)
FNDA:0,(anonymous_5)
DA:2,0
DA:3,0
DA:5,0
DA:10,0
DA:11,0
DA:14,0
DA:15,0
DA:16,0
DA:17,0
DA:22,0
DA:23,0
DA:24,0
DA:25,0
DA:30,0
DA:31,0
DA:32,0
DA:33,0
DA:37,0
DA:38,0
DA:41,0
DA:46,0
DA:64,0
DA:73,0
LF:23
LH:0
BRDA:14,0,0,0
BRDA:16,1,0,0
BRDA:22,2,0,0
BRDA:24,3,0,0
BRDA:30,4,0,0
BRDA:32,5,0,0
BRDA:37,6,0,0
BRF:7
BRH:0
end_of_record
TN:
SF:src/routes/direct-query.ts
FN:14,(anonymous_0)
FN:25,(anonymous_1)
FNF:2
FNH:0
FNDA:0,(anonymous_0)
FNDA:0,(anonymous_1)
DA:1,0
DA:2,0
DA:3,0
DA:5,0
DA:6,0
DA:12,0
DA:15,0
DA:23,0
DA:26,0
DA:30,0
LF:10
LH:0
BRF:0
BRH:0
end_of_record
TN:
SF:src/routes/health.ts
FN:5,(anonymous_0)
FNF:1
FNH:0
FNDA:0,(anonymous_0)
DA:1,0
DA:3,0
DA:5,0
DA:6,0
DA:14,0
LF:5
LH:0
BRF:0
BRH:0
end_of_record
TN:
SF:src/services/elasticsearch.ts
FN:10,(anonymous_1)
FN:14,(anonymous_2)
FN:77,(anonymous_3)
FN:95,(anonymous_4)
FN:185,(anonymous_5)
FN:199,(anonymous_6)
FN:293,(anonymous_7)
FN:297,(anonymous_8)
FN:311,(anonymous_9)
FN:315,(anonymous_10)
FN:397,(anonymous_11)
FNF:11
FNH:0
FNDA:0,(anonymous_1)
FNDA:0,(anonymous_2)
FNDA:0,(anonymous_3)
FNDA:0,(anonymous_4)
FNDA:0,(anonymous_5)
FNDA:0,(anonymous_6)
FNDA:0,(anonymous_7)
FNDA:0,(anonymous_8)
FNDA:0,(anonymous_9)
FNDA:0,(anonymous_10)
FNDA:0,(anonymous_11)
DA:1,0
DA:2,0
DA:3,0
DA:7,0
DA:15,0
DA:17,0
DA:27,0
DA:34,0
DA:41,0
DA:42,0
DA:49,0
DA:50,0
DA:56,0
DA:58,0
DA:61,0
DA:62,0
DA:64,0
DA:65,0
DA:68,0
DA:72,0
DA:73,0
DA:78,0
DA:80,0
DA:81,0
DA:82,0
DA:83,0
DA:84,0
DA:86,0
DA:90,0
DA:91,0
DA:103,0
DA:104,0
DA:106,0
DA:114,0
DA:115,0
DA:116,0
DA:120,0
DA:121,0
DA:123,0
DA:124,0
DA:125,0
DA:126,0
DA:128,0
DA:129,0
DA:131,0
DA:138,0
DA:149,0
DA:150,0
DA:152,0
DA:162,0
DA:170,0
DA:172,0
DA:173,0
DA:181,0
DA:186,0
DA:188,0
DA:190,0
DA:191,0
DA:192,0
DA:194,0
DA:195,0
DA:200,0
DA:201,0
DA:203,0
DA:208,0
DA:209,0
DA:210,0
DA:213,0
DA:215,0
DA:216,0
DA:218,0
DA:220,0
DA:221,0
DA:222,0
DA:223,0
DA:224,0
DA:225,0
DA:227,0
DA:228,0
DA:229,0
DA:231,0
DA:234,0
DA:235,0
DA:243,0
DA:244,0
DA:251,0
DA:252,0
DA:253,0
DA:254,0
DA:257,0
DA:258,0
DA:263,0
DA:268,0
DA:269,0
DA:271,0
DA:279,0
DA:281,0
DA:282,0
DA:289,0
DA:294,0
DA:296,0
DA:297,0
DA:299,0
DA:300,0
DA:302,0
DA:305,0
DA:306,0
DA:312,0
DA:322,0
DA:323,0
DA:325,0
DA:333,0
DA:334,0
DA:335,0
DA:339,0
DA:341,0
DA:342,0
DA:344,0
DA:355,0
DA:362,0
DA:363,0
DA:366,0
DA:371,0
DA:372,0
DA:374,0
DA:382,0
DA:384,0
DA:385,0
DA:393,0
DA:398,0
DA:399,0
DA:401,0
DA:406,0
DA:407,0
DA:408,0
DA:411,0
DA:412,0
DA:413,0
DA:414,0
DA:415,0
DA:417,0
DA:423,0
DA:425,0
DA:426,0
DA:433,0
DA:438,0
LF:146
LH:0
BRDA:22,0,0,0
BRDA:22,0,1,0
BRDA:41,1,0,0
BRDA:41,2,0,0
BRDA:41,2,1,0
BRDA:49,3,0,0
BRDA:49,4,0,0
BRDA:49,4,1,0
BRDA:61,5,0,0
BRDA:61,5,1,0
BRDA:78,6,0,0
BRDA:83,7,0,0
BRDA:83,7,1,0
BRDA:109,8,0,0
BRDA:109,8,1,0
BRDA:109,9,0,0
BRDA:109,9,1,0
BRDA:110,10,0,0
BRDA:110,10,1,0
BRDA:111,11,0,0
BRDA:111,11,1,0
BRDA:114,12,0,0
BRDA:120,13,0,0
BRDA:120,13,1,0
BRDA:142,14,0,0
BRDA:142,14,1,0
BRDA:143,15,0,0
BRDA:143,15,1,0
BRDA:157,16,0,0
BRDA:157,16,1,0
BRDA:157,17,0,0
BRDA:157,17,1,0
BRDA:166,18,0,0
BRDA:166,18,1,0
BRDA:175,19,0,0
BRDA:175,19,1,0
BRDA:178,20,0,0
BRDA:178,20,1,0
BRDA:186,21,0,0
BRDA:208,22,0,0
BRDA:227,23,0,0
BRDA:227,23,1,0
BRDA:236,24,0,0
BRDA:236,24,1,0
BRDA:237,25,0,0
BRDA:237,25,1,0
BRDA:251,26,0,0
BRDA:276,27,0,0
BRDA:276,27,1,0
BRDA:284,28,0,0
BRDA:284,28,1,0
BRDA:285,29,0,0
BRDA:285,29,1,0
BRDA:299,30,0,0
BRDA:305,31,0,0
BRDA:328,32,0,0
BRDA:328,32,1,0
BRDA:329,33,0,0
BRDA:329,33,1,0
BRDA:330,34,0,0
BRDA:330,34,1,0
BRDA:330,35,0,0
BRDA:330,35,1,0
BRDA:333,36,0,0
BRDA:349,37,0,0
BRDA:349,37,1,0
BRDA:350,38,0,0
BRDA:350,38,1,0
BRDA:351,39,0,0
BRDA:351,39,1,0
BRDA:351,40,0,0
BRDA:351,40,1,0
BRDA:357,41,0,0
BRDA:357,41,1,0
BRDA:358,42,0,0
BRDA:358,42,1,0
BRDA:362,43,0,0
BRDA:379,44,0,0
BRDA:379,44,1,0
BRDA:379,45,0,0
BRDA:379,45,1,0
BRDA:387,46,0,0
BRDA:387,46,1,0
BRDA:390,47,0,0
BRDA:390,47,1,0
BRDA:403,48,0,0
BRDA:403,48,1,0
BRDA:406,49,0,0
BRDA:428,50,0,0
BRDA:428,50,1,0
BRDA:429,51,0,0
BRDA:429,51,1,0
BRDA:431,52,0,0
BRDA:431,52,1,0
BRF:94
BRH:0
end_of_record
TN:
SF:src/utils/logger.ts
FN:41,(anonymous_1)
FNF:1
FNH:0
FNDA:0,(anonymous_1)
DA:1,0
DA:2,0
DA:4,0
DA:5,0
DA:8,0
DA:10,0
DA:36,0
DA:37,0
DA:42,0
DA:48,0
LF:10
LH:0
BRDA:4,0,0,0
BRDA:4,0,1,0
BRDA:5,1,0,0
BRDA:5,1,1,0
BRDA:36,2,0,0
BRDA:42,3,0,0
BRDA:42,3,1,0
BRF:7
BRH:0
end_of_record
