{"/Users/jagankumar/Office/Work/repo/reports/client/src/App.tsx": {"path":"/Users/jagankumar/Office/Work/repo/reports/client/src/App.tsx","statementMap":{"0":{"start":{"line":1,"column":0},"end":{"line":1,"column":41}},"1":{"start":{"line":2,"column":0},"end":{"line":2,"column":59}},"2":{"start":{"line":3,"column":0},"end":{"line":3,"column":49}},"3":{"start":{"line":4,"column":0},"end":{"line":4,"column":40}},"4":{"start":{"line":6,"column":0},"end":{"line":6,"column":57}},"5":{"start":{"line":7,"column":0},"end":{"line":7,"column":60}},"6":{"start":{"line":10,"column":0},"end":{"line":10,"column":48}},"7":{"start":{"line":11,"column":0},"end":{"line":11,"column":50}},"8":{"start":{"line":12,"column":0},"end":{"line":12,"column":62}},"9":{"start":{"line":15,"column":0},"end":{"line":15,"column":54}},"10":{"start":{"line":16,"column":0},"end":{"line":16,"column":64}},"11":{"start":{"line":18,"column":22},"end":{"line":104,"column":1}},"12":{"start":{"line":19,"column":19},"end":{"line":19,"column":35}},"13":{"start":{"line":20,"column":45},"end":{"line":20,"column":58}},"14":{"start":{"line":22,"column":50},"end":{"line":22,"column":85}},"15":{"start":{"line":22,"column":76},"end":{"line":22,"column":84}},"16":{"start":{"line":27,"column":2},"end":{"line":55,"column":64}},"17":{"start":{"line":28,"column":4},"end":{"line":54,"column":7}},"18":{"start":{"line":29,"column":6},"end":{"line":53,"column":9}},"19":{"start":{"line":34,"column":10},"end":{"line":45,"column":null}},"20":{"start":{"line":36,"column":14},"end":{"line":36,"column":33}},"21":{"start":{"line":37,"column":14},"end":{"line":37,"column":60}},"22":{"start":{"line":51,"column":10},"end":{"line":51,"column":56}},"23":{"start":{"line":58,"column":2},"end":{"line":60,"column":3}},"24":{"start":{"line":59,"column":4},"end":{"line":59,"column":55}},"25":{"start":{"line":62,"column":2},"end":{"line":103,"column":4}},"26":{"start":{"line":81,"column":14},"end":{"line":84,"column":16}},"27":{"start":{"line":87,"column":40},"end":{"line":87,"column":72}},"28":{"start":{"line":106,"column":0},"end":{"line":106,"column":19}}},"fnMap":{"0":{"name":"(anonymous_0)","decl":{"start":{"line":18,"column":22},"end":{"line":18,"column":25}},"loc":{"start":{"line":18,"column":27},"end":{"line":104,"column":1}}},"1":{"name":"(anonymous_1)","decl":{"start":{"line":22,"column":65},"end":{"line":22,"column":66}},"loc":{"start":{"line":22,"column":76},"end":{"line":22,"column":84}}},"2":{"name":"(anonymous_2)","decl":{"start":{"line":27,"column":12},"end":{"line":27,"column":15}},"loc":{"start":{"line":27,"column":17},"end":{"line":55,"column":3}}},"3":{"name":"(anonymous_3)","decl":{"start":{"line":28,"column":26},"end":{"line":28,"column":27}},"loc":{"start":{"line":28,"column":43},"end":{"line":54,"column":5}}},"4":{"name":"(anonymous_4)","decl":{"start":{"line":33,"column":16},"end":{"line":33,"column":17}},"loc":{"start":{"line":34,"column":10},"end":{"line":45,"column":null}}},"5":{"name":"(anonymous_5)","decl":{"start":{"line":35,"column":21},"end":{"line":35,"column":24}},"loc":{"start":{"line":35,"column":26},"end":{"line":38,"column":13}}},"6":{"name":"(anonymous_6)","decl":{"start":{"line":50,"column":18},"end":{"line":50,"column":21}},"loc":{"start":{"line":50,"column":23},"end":{"line":52,"column":9}}},"7":{"name":"(anonymous_7)","decl":{"start":{"line":80,"column":24},"end":{"line":80,"column":25}},"loc":{"start":{"line":81,"column":14},"end":{"line":84,"column":16}}},"8":{"name":"(anonymous_8)","decl":{"start":{"line":87,"column":29},"end":{"line":87,"column":30}},"loc":{"start":{"line":87,"column":40},"end":{"line":87,"column":72}}}},"branchMap":{"0":{"loc":{"start":{"line":32,"column":26},"end":{"line":32,"column":71}},"type":"cond-expr","locations":[{"start":{"line":32,"column":60},"end":{"line":32,"column":64}},{"start":{"line":32,"column":67},"end":{"line":32,"column":71}}]},"1":{"loc":{"start":{"line":58,"column":2},"end":{"line":60,"column":3}},"type":"if","locations":[{"start":{"line":58,"column":2},"end":{"line":60,"column":3}}]},"2":{"loc":{"start":{"line":79,"column":16},"end":{"line":79,"column":45}},"type":"cond-expr","locations":[{"start":{"line":79,"column":30},"end":{"line":79,"column":37}},{"start":{"line":79,"column":40},"end":{"line":79,"column":45}}]}},"s":{"0":0,"1":0,"2":0,"3":0,"4":0,"5":0,"6":0,"7":0,"8":0,"9":0,"10":0,"11":0,"12":0,"13":0,"14":0,"15":0,"16":0,"17":0,"18":0,"19":0,"20":0,"21":0,"22":0,"23":0,"24":0,"25":0,"26":0,"27":0,"28":0},"f":{"0":0,"1":0,"2":0,"3":0,"4":0,"5":0,"6":0,"7":0,"8":0},"b":{"0":[0,0],"1":[0],"2":[0,0]}}
,"/Users/jagankumar/Office/Work/repo/reports/client/src/components/common/AggregationsDisplay.tsx": {"path":"/Users/jagankumar/Office/Work/repo/reports/client/src/components/common/AggregationsDisplay.tsx","statementMap":{"0":{"start":{"line":1,"column":0},"end":{"line":1,"column":40}},"1":{"start":{"line":2,"column":0},"end":{"line":2,"column":null}},"2":{"start":{"line":27,"column":0},"end":{"line":27,"column":null}},"3":{"start":{"line":57,"column":64},"end":{"line":405,"column":1}},"4":{"start":{"line":62,"column":58},"end":{"line":62,"column":95}},"5":{"start":{"line":64,"column":2},"end":{"line":66,"column":3}},"6":{"start":{"line":65,"column":4},"end":{"line":65,"column":16}},"7":{"start":{"line":68,"column":34},"end":{"line":73,"column":3}},"8":{"start":{"line":69,"column":4},"end":{"line":72,"column":8}},"9":{"start":{"line":69,"column":37},"end":{"line":72,"column":6}},"10":{"start":{"line":75,"column":26},"end":{"line":77,"column":3}},"11":{"start":{"line":76,"column":4},"end":{"line":76,"column":43}},"12":{"start":{"line":79,"column":22},"end":{"line":85,"column":3}},"13":{"start":{"line":80,"column":4},"end":{"line":80,"column":58}},"14":{"start":{"line":80,"column":47},"end":{"line":80,"column":58}},"15":{"start":{"line":81,"column":4},"end":{"line":83,"column":5}},"16":{"start":{"line":82,"column":6},"end":{"line":82,"column":36}},"17":{"start":{"line":84,"column":4},"end":{"line":84,"column":25}},"18":{"start":{"line":87,"column":29},"end":{"line":104,"column":3}},"19":{"start":{"line":88,"column":4},"end":{"line":93,"column":5}},"20":{"start":{"line":89,"column":6},"end":{"line":91,"column":7}},"21":{"start":{"line":90,"column":8},"end":{"line":90,"column":32}},"22":{"start":{"line":92,"column":6},"end":{"line":92,"column":21}},"23":{"start":{"line":94,"column":4},"end":{"line":96,"column":5}},"24":{"start":{"line":95,"column":6},"end":{"line":95,"column":21}},"25":{"start":{"line":97,"column":4},"end":{"line":99,"column":5}},"26":{"start":{"line":98,"column":6},"end":{"line":98,"column":22}},"27":{"start":{"line":100,"column":4},"end":{"line":102,"column":5}},"28":{"start":{"line":101,"column":6},"end":{"line":101,"column":27}},"29":{"start":{"line":103,"column":4},"end":{"line":103,"column":19}},"30":{"start":{"line":106,"column":29},"end":{"line":119,"column":3}},"31":{"start":{"line":107,"column":4},"end":{"line":118,"column":5}},"32":{"start":{"line":109,"column":8},"end":{"line":109,"column":48}},"33":{"start":{"line":111,"column":8},"end":{"line":111,"column":48}},"34":{"start":{"line":113,"column":8},"end":{"line":113,"column":45}},"35":{"start":{"line":115,"column":8},"end":{"line":115,"column":48}},"36":{"start":{"line":117,"column":8},"end":{"line":117,"column":50}},"37":{"start":{"line":121,"column":33},"end":{"line":211,"column":3}},"38":{"start":{"line":122,"column":20},"end":{"line":122,"column":62}},"39":{"start":{"line":123,"column":22},"end":{"line":123,"column":80}},"40":{"start":{"line":123,"column":54},"end":{"line":123,"column":76}},"41":{"start":{"line":125,"column":4},"end":{"line":210,"column":6}},"42":{"start":{"line":146,"column":18},"end":{"line":146,"column":70}},"43":{"start":{"line":154,"column":35},"end":{"line":154,"column":106}},"44":{"start":{"line":155,"column":32},"end":{"line":156,"column":null}},"45":{"start":{"line":156,"column":18},"end":{"line":156,"column":70}},"46":{"start":{"line":159,"column":16},"end":{"line":204,"column":18}},"47":{"start":{"line":194,"column":26},"end":{"line":195,"column":null}},"48":{"start":{"line":213,"column":33},"end":{"line":251,"column":null}},"49":{"start":{"line":214,"column":4},"end":{"line":250,"column":null}},"50":{"start":{"line":254,"column":34},"end":{"line":262,"column":null}},"51":{"start":{"line":255,"column":4},"end":{"line":261,"column":null}},"52":{"start":{"line":265,"column":39},"end":{"line":283,"column":null}},"53":{"start":{"line":266,"column":4},"end":{"line":282,"column":null}},"54":{"start":{"line":276,"column":12},"end":{"line":276,"column":null}},"55":{"start":{"line":286,"column":35},"end":{"line":305,"column":null}},"56":{"start":{"line":287,"column":4},"end":{"line":304,"column":null}},"57":{"start":{"line":298,"column":23},"end":{"line":298,"column":76}},"58":{"start":{"line":308,"column":35},"end":{"line":324,"column":3}},"59":{"start":{"line":309,"column":17},"end":{"line":309,"column":48}},"60":{"start":{"line":311,"column":4},"end":{"line":323,"column":5}},"61":{"start":{"line":314,"column":8},"end":{"line":314,"column":60}},"62":{"start":{"line":316,"column":8},"end":{"line":316,"column":60}},"63":{"start":{"line":318,"column":8},"end":{"line":318,"column":61}},"64":{"start":{"line":320,"column":8},"end":{"line":320,"column":66}},"65":{"start":{"line":322,"column":8},"end":{"line":322,"column":62}},"66":{"start":{"line":326,"column":27},"end":{"line":326,"column":59}},"67":{"start":{"line":328,"column":2},"end":{"line":404,"column":4}},"68":{"start":{"line":348,"column":27},"end":{"line":348,"column":58}},"69":{"start":{"line":349,"column":14},"end":{"line":364,"column":16}},"70":{"start":{"line":354,"column":72},"end":{"line":354,"column":87}},"71":{"start":{"line":371,"column":27},"end":{"line":371,"column":58}},"72":{"start":{"line":372,"column":33},"end":{"line":372,"column":81}},"73":{"start":{"line":374,"column":14},"end":{"line":398,"column":16}},"74":{"start":{"line":378,"column":34},"end":{"line":378,"column":66}},"75":{"start":{"line":385,"column":74},"end":{"line":385,"column":89}},"76":{"start":{"line":407,"column":0},"end":{"line":407,"column":35}}},"fnMap":{"0":{"name":"(anonymous_0)","decl":{"start":{"line":57,"column":64},"end":{"line":57,"column":65}},"loc":{"start":{"line":61,"column":5},"end":{"line":405,"column":1}}},"1":{"name":"(anonymous_1)","decl":{"start":{"line":68,"column":34},"end":{"line":68,"column":35}},"loc":{"start":{"line":68,"column":54},"end":{"line":73,"column":3}}},"2":{"name":"(anonymous_2)","decl":{"start":{"line":69,"column":28},"end":{"line":69,"column":32}},"loc":{"start":{"line":69,"column":37},"end":{"line":72,"column":6}}},"3":{"name":"(anonymous_3)","decl":{"start":{"line":75,"column":26},"end":{"line":75,"column":27}},"loc":{"start":{"line":75,"column":46},"end":{"line":77,"column":3}}},"4":{"name":"(anonymous_4)","decl":{"start":{"line":79,"column":22},"end":{"line":79,"column":23}},"loc":{"start":{"line":79,"column":45},"end":{"line":85,"column":3}}},"5":{"name":"(anonymous_5)","decl":{"start":{"line":87,"column":29},"end":{"line":87,"column":30}},"loc":{"start":{"line":87,"column":58},"end":{"line":104,"column":3}}},"6":{"name":"(anonymous_6)","decl":{"start":{"line":106,"column":29},"end":{"line":106,"column":30}},"loc":{"start":{"line":106,"column":46},"end":{"line":119,"column":3}}},"7":{"name":"(anonymous_7)","decl":{"start":{"line":121,"column":33},"end":{"line":121,"column":34}},"loc":{"start":{"line":121,"column":71},"end":{"line":211,"column":3}}},"8":{"name":"(anonymous_8)","decl":{"start":{"line":123,"column":37},"end":{"line":123,"column":38}},"loc":{"start":{"line":123,"column":54},"end":{"line":123,"column":76}}},"9":{"name":"(anonymous_9)","decl":{"start":{"line":145,"column":62},"end":{"line":145,"column":65}},"loc":{"start":{"line":146,"column":18},"end":{"line":146,"column":70}}},"10":{"name":"(anonymous_10)","decl":{"start":{"line":153,"column":27},"end":{"line":153,"column":28}},"loc":{"start":{"line":153,"column":45},"end":{"line":205,"column":15}}},"11":{"name":"(anonymous_11)","decl":{"start":{"line":155,"column":59},"end":{"line":155,"column":62}},"loc":{"start":{"line":156,"column":18},"end":{"line":156,"column":70}}},"12":{"name":"(anonymous_12)","decl":{"start":{"line":193,"column":37},"end":{"line":193,"column":43}},"loc":{"start":{"line":194,"column":26},"end":{"line":195,"column":null}}},"13":{"name":"(anonymous_13)","decl":{"start":{"line":213,"column":33},"end":{"line":213,"column":34}},"loc":{"start":{"line":214,"column":4},"end":{"line":250,"column":null}}},"14":{"name":"(anonymous_14)","decl":{"start":{"line":254,"column":34},"end":{"line":254,"column":35}},"loc":{"start":{"line":255,"column":4},"end":{"line":261,"column":null}}},"15":{"name":"(anonymous_15)","decl":{"start":{"line":265,"column":39},"end":{"line":265,"column":40}},"loc":{"start":{"line":266,"column":4},"end":{"line":282,"column":null}}},"16":{"name":"(anonymous_16)","decl":{"start":{"line":275,"column":50},"end":{"line":275,"column":51}},"loc":{"start":{"line":276,"column":12},"end":{"line":276,"column":null}}},"17":{"name":"(anonymous_17)","decl":{"start":{"line":286,"column":35},"end":{"line":286,"column":36}},"loc":{"start":{"line":287,"column":4},"end":{"line":304,"column":null}}},"18":{"name":"(anonymous_18)","decl":{"start":{"line":298,"column":17},"end":{"line":298,"column":20}},"loc":{"start":{"line":298,"column":23},"end":{"line":298,"column":76}}},"19":{"name":"(anonymous_19)","decl":{"start":{"line":308,"column":35},"end":{"line":308,"column":36}},"loc":{"start":{"line":308,"column":73},"end":{"line":324,"column":3}}},"20":{"name":"(anonymous_20)","decl":{"start":{"line":347,"column":46},"end":{"line":347,"column":47}},"loc":{"start":{"line":347,"column":73},"end":{"line":365,"column":13}}},"21":{"name":"(anonymous_21)","decl":{"start":{"line":354,"column":67},"end":{"line":354,"column":68}},"loc":{"start":{"line":354,"column":72},"end":{"line":354,"column":87}}},"22":{"name":"(anonymous_22)","decl":{"start":{"line":370,"column":46},"end":{"line":370,"column":47}},"loc":{"start":{"line":370,"column":73},"end":{"line":399,"column":13}}},"23":{"name":"(anonymous_23)","decl":{"start":{"line":378,"column":28},"end":{"line":378,"column":31}},"loc":{"start":{"line":378,"column":34},"end":{"line":378,"column":66}}},"24":{"name":"(anonymous_24)","decl":{"start":{"line":385,"column":69},"end":{"line":385,"column":70}},"loc":{"start":{"line":385,"column":74},"end":{"line":385,"column":89}}}},"branchMap":{"0":{"loc":{"start":{"line":59,"column":2},"end":{"line":59,"column":24}},"type":"default-arg","locations":[{"start":{"line":59,"column":10},"end":{"line":59,"column":24}}]},"1":{"loc":{"start":{"line":60,"column":2},"end":{"line":60,"column":24}},"type":"default-arg","locations":[{"start":{"line":60,"column":20},"end":{"line":60,"column":24}}]},"2":{"loc":{"start":{"line":64,"column":2},"end":{"line":66,"column":3}},"type":"if","locations":[{"start":{"line":64,"column":2},"end":{"line":66,"column":3}}]},"3":{"loc":{"start":{"line":64,"column":6},"end":{"line":64,"column":61}},"type":"binary-expr","locations":[{"start":{"line":64,"column":6},"end":{"line":64,"column":19}},{"start":{"line":64,"column":23},"end":{"line":64,"column":61}}]},"4":{"loc":{"start":{"line":80,"column":4},"end":{"line":80,"column":58}},"type":"if","locations":[{"start":{"line":80,"column":4},"end":{"line":80,"column":58}}]},"5":{"loc":{"start":{"line":80,"column":8},"end":{"line":80,"column":45}},"type":"binary-expr","locations":[{"start":{"line":80,"column":8},"end":{"line":80,"column":22}},{"start":{"line":80,"column":26},"end":{"line":80,"column":45}}]},"6":{"loc":{"start":{"line":81,"column":4},"end":{"line":83,"column":5}},"type":"if","locations":[{"start":{"line":81,"column":4},"end":{"line":83,"column":5}}]},"7":{"loc":{"start":{"line":88,"column":4},"end":{"line":93,"column":5}},"type":"if","locations":[{"start":{"line":88,"column":4},"end":{"line":93,"column":5}}]},"8":{"loc":{"start":{"line":89,"column":6},"end":{"line":91,"column":7}},"type":"if","locations":[{"start":{"line":89,"column":6},"end":{"line":91,"column":7}}]},"9":{"loc":{"start":{"line":89,"column":10},"end":{"line":89,"column":94}},"type":"binary-expr","locations":[{"start":{"line":89,"column":10},"end":{"line":89,"column":47}},{"start":{"line":89,"column":51},"end":{"line":89,"column":94}}]},"10":{"loc":{"start":{"line":94,"column":4},"end":{"line":96,"column":5}},"type":"if","locations":[{"start":{"line":94,"column":4},"end":{"line":96,"column":5}}]},"11":{"loc":{"start":{"line":94,"column":8},"end":{"line":94,"column":72}},"type":"binary-expr","locations":[{"start":{"line":94,"column":8},"end":{"line":94,"column":39}},{"start":{"line":94,"column":43},"end":{"line":94,"column":72}}]},"12":{"loc":{"start":{"line":97,"column":4},"end":{"line":99,"column":5}},"type":"if","locations":[{"start":{"line":97,"column":4},"end":{"line":99,"column":5}}]},"13":{"loc":{"start":{"line":100,"column":4},"end":{"line":102,"column":5}},"type":"if","locations":[{"start":{"line":100,"column":4},"end":{"line":102,"column":5}}]},"14":{"loc":{"start":{"line":107,"column":4},"end":{"line":118,"column":5}},"type":"switch","locations":[{"start":{"line":108,"column":6},"end":{"line":109,"column":48}},{"start":{"line":110,"column":6},"end":{"line":111,"column":48}},{"start":{"line":112,"column":6},"end":{"line":113,"column":45}},{"start":{"line":114,"column":6},"end":{"line":115,"column":48}},{"start":{"line":116,"column":6},"end":{"line":117,"column":50}}]},"15":{"loc":{"start":{"line":145,"column":17},"end":{"line":148,"column":null}},"type":"binary-expr","locations":[{"start":{"line":145,"column":17},"end":{"line":145,"column":27}},{"start":{"line":145,"column":31},"end":{"line":147,"column":28}},{"start":{"line":148,"column":18},"end":{"line":148,"column":74}}]},"16":{"loc":{"start":{"line":154,"column":35},"end":{"line":154,"column":106}},"type":"cond-expr","locations":[{"start":{"line":154,"column":51},"end":{"line":154,"column":100}},{"start":{"line":154,"column":103},"end":{"line":154,"column":106}}]},"17":{"loc":{"start":{"line":163,"column":25},"end":{"line":163,"column":72}},"type":"binary-expr","locations":[{"start":{"line":163,"column":25},"end":{"line":163,"column":45}},{"start":{"line":163,"column":49},"end":{"line":163,"column":72}}]},"18":{"loc":{"start":{"line":191,"column":21},"end":{"line":201,"column":null}},"type":"binary-expr","locations":[{"start":{"line":191,"column":21},"end":{"line":191,"column":39}},{"start":{"line":192,"column":22},"end":{"line":200,"column":null}}]},"19":{"loc":{"start":{"line":219,"column":23},"end":{"line":219,"column":59}},"type":"binary-expr","locations":[{"start":{"line":219,"column":23},"end":{"line":219,"column":52}},{"start":{"line":219,"column":56},"end":{"line":219,"column":59}}]},"20":{"loc":{"start":{"line":226,"column":23},"end":{"line":226,"column":57}},"type":"binary-expr","locations":[{"start":{"line":226,"column":23},"end":{"line":226,"column":50}},{"start":{"line":226,"column":54},"end":{"line":226,"column":57}}]},"21":{"loc":{"start":{"line":233,"column":23},"end":{"line":233,"column":51}},"type":"binary-expr","locations":[{"start":{"line":233,"column":23},"end":{"line":233,"column":44}},{"start":{"line":233,"column":48},"end":{"line":233,"column":51}}]},"22":{"loc":{"start":{"line":240,"column":23},"end":{"line":240,"column":57}},"type":"binary-expr","locations":[{"start":{"line":240,"column":23},"end":{"line":240,"column":50}},{"start":{"line":240,"column":54},"end":{"line":240,"column":57}}]},"23":{"loc":{"start":{"line":247,"column":23},"end":{"line":247,"column":57}},"type":"binary-expr","locations":[{"start":{"line":247,"column":23},"end":{"line":247,"column":50}},{"start":{"line":247,"column":54},"end":{"line":247,"column":57}}]},"24":{"loc":{"start":{"line":311,"column":4},"end":{"line":323,"column":5}},"type":"switch","locations":[{"start":{"line":312,"column":6},"end":{"line":312,"column":19}},{"start":{"line":313,"column":6},"end":{"line":314,"column":60}},{"start":{"line":315,"column":6},"end":{"line":316,"column":60}},{"start":{"line":317,"column":6},"end":{"line":318,"column":61}},{"start":{"line":319,"column":6},"end":{"line":320,"column":66}},{"start":{"line":321,"column":6},"end":{"line":322,"column":62}}]},"25":{"loc":{"start":{"line":336,"column":55},"end":{"line":336,"column":88}},"type":"cond-expr","locations":[{"start":{"line":336,"column":80},"end":{"line":336,"column":83}},{"start":{"line":336,"column":86},"end":{"line":336,"column":88}}]},"26":{"loc":{"start":{"line":344,"column":9},"end":{"line":400,"column":null}},"type":"cond-expr","locations":[{"start":{"line":346,"column":10},"end":{"line":365,"column":null}},{"start":{"line":369,"column":10},"end":{"line":399,"column":null}}]},"27":{"loc":{"start":{"line":372,"column":33},"end":{"line":372,"column":81}},"type":"binary-expr","locations":[{"start":{"line":372,"column":33},"end":{"line":372,"column":62}},{"start":{"line":372,"column":66},"end":{"line":372,"column":81}}]}},"s":{"0":0,"1":0,"2":0,"3":0,"4":0,"5":0,"6":0,"7":0,"8":0,"9":0,"10":0,"11":0,"12":0,"13":0,"14":0,"15":0,"16":0,"17":0,"18":0,"19":0,"20":0,"21":0,"22":0,"23":0,"24":0,"25":0,"26":0,"27":0,"28":0,"29":0,"30":0,"31":0,"32":0,"33":0,"34":0,"35":0,"36":0,"37":0,"38":0,"39":0,"40":0,"41":0,"42":0,"43":0,"44":0,"45":0,"46":0,"47":0,"48":0,"49":0,"50":0,"51":0,"52":0,"53":0,"54":0,"55":0,"56":0,"57":0,"58":0,"59":0,"60":0,"61":0,"62":0,"63":0,"64":0,"65":0,"66":0,"67":0,"68":0,"69":0,"70":0,"71":0,"72":0,"73":0,"74":0,"75":0,"76":0},"f":{"0":0,"1":0,"2":0,"3":0,"4":0,"5":0,"6":0,"7":0,"8":0,"9":0,"10":0,"11":0,"12":0,"13":0,"14":0,"15":0,"16":0,"17":0,"18":0,"19":0,"20":0,"21":0,"22":0,"23":0,"24":0},"b":{"0":[0],"1":[0],"2":[0],"3":[0,0],"4":[0],"5":[0,0],"6":[0],"7":[0],"8":[0],"9":[0,0],"10":[0],"11":[0,0],"12":[0],"13":[0],"14":[0,0,0,0,0],"15":[0,0,0],"16":[0,0],"17":[0,0],"18":[0,0],"19":[0,0],"20":[0,0],"21":[0,0],"22":[0,0],"23":[0,0],"24":[0,0,0,0,0,0],"25":[0,0],"26":[0,0],"27":[0,0]}}
,"/Users/jagankumar/Office/Work/repo/reports/client/src/components/common/ColumnFilter.tsx": {"path":"/Users/jagankumar/Office/Work/repo/reports/client/src/components/common/ColumnFilter.tsx","statementMap":{"0":{"start":{"line":1,"column":0},"end":{"line":1,"column":26}},"1":{"start":{"line":2,"column":0},"end":{"line":2,"column":null}},"2":{"start":{"line":29,"column":50},"end":{"line":121,"column":1}},"3":{"start":{"line":42,"column":2},"end":{"line":120,"column":4}},"4":{"start":{"line":90,"column":12},"end":{"line":90,"column":35}},"5":{"start":{"line":92,"column":31},"end":{"line":92,"column":53}},"6":{"start":{"line":123,"column":0},"end":{"line":123,"column":28}}},"fnMap":{"0":{"name":"(anonymous_0)","decl":{"start":{"line":29,"column":50},"end":{"line":29,"column":51}},"loc":{"start":{"line":41,"column":5},"end":{"line":121,"column":1}}},"1":{"name":"(anonymous_1)","decl":{"start":{"line":89,"column":32},"end":{"line":89,"column":33}},"loc":{"start":{"line":90,"column":12},"end":{"line":90,"column":35}}},"2":{"name":"(anonymous_2)","decl":{"start":{"line":92,"column":25},"end":{"line":92,"column":28}},"loc":{"start":{"line":92,"column":31},"end":{"line":92,"column":53}}}},"branchMap":{"0":{"loc":{"start":{"line":39,"column":2},"end":{"line":39,"column":37}},"type":"default-arg","locations":[{"start":{"line":39,"column":10},"end":{"line":39,"column":37}}]},"1":{"loc":{"start":{"line":40,"column":2},"end":{"line":40,"column":67}},"type":"default-arg","locations":[{"start":{"line":40,"column":18},"end":{"line":40,"column":67}}]},"2":{"loc":{"start":{"line":76,"column":11},"end":{"line":84,"column":null}},"type":"binary-expr","locations":[{"start":{"line":76,"column":11},"end":{"line":76,"column":18}},{"start":{"line":77,"column":12},"end":{"line":81,"column":null}}]},"3":{"loc":{"start":{"line":107,"column":32},"end":{"line":107,"column":80}},"type":"cond-expr","locations":[{"start":{"line":107,"column":57},"end":{"line":107,"column":68}},{"start":{"line":107,"column":71},"end":{"line":107,"column":80}}]}},"s":{"0":0,"1":0,"2":0,"3":0,"4":0,"5":0,"6":0},"f":{"0":0,"1":0,"2":0},"b":{"0":[0],"1":[0],"2":[0,0],"3":[0,0]}}
,"/Users/jagankumar/Office/Work/repo/reports/client/src/components/common/DataTable.tsx": {"path":"/Users/jagankumar/Office/Work/repo/reports/client/src/components/common/DataTable.tsx","statementMap":{"0":{"start":{"line":1,"column":0},"end":{"line":1,"column":26}},"1":{"start":{"line":2,"column":0},"end":{"line":2,"column":null}},"2":{"start":{"line":15,"column":0},"end":{"line":15,"column":48}},"3":{"start":{"line":43,"column":44},"end":{"line":179,"column":1}},"4":{"start":{"line":56,"column":16},"end":{"line":56,"column":26}},"5":{"start":{"line":58,"column":26},"end":{"line":65,"column":3}},"6":{"start":{"line":59,"column":4},"end":{"line":63,"column":5}},"7":{"start":{"line":60,"column":6},"end":{"line":62,"column":27}},"8":{"start":{"line":64,"column":4},"end":{"line":64,"column":15}},"9":{"start":{"line":67,"column":28},"end":{"line":74,"column":3}},"10":{"start":{"line":68,"column":4},"end":{"line":72,"column":5}},"11":{"start":{"line":69,"column":6},"end":{"line":71,"column":27}},"12":{"start":{"line":73,"column":4},"end":{"line":73,"column":21}},"13":{"start":{"line":76,"column":28},"end":{"line":78,"column":3}},"14":{"start":{"line":77,"column":4},"end":{"line":77,"column":65}},"15":{"start":{"line":80,"column":2},"end":{"line":88,"column":3}},"16":{"start":{"line":81,"column":4},"end":{"line":87,"column":6}},"17":{"start":{"line":90,"column":2},"end":{"line":178,"column":4}},"18":{"start":{"line":100,"column":16},"end":{"line":101,"column":null}},"19":{"start":{"line":114,"column":14},"end":{"line":115,"column":null}},"20":{"start":{"line":119,"column":35},"end":{"line":119,"column":46}},"21":{"start":{"line":120,"column":36},"end":{"line":120,"column":61}},"22":{"start":{"line":121,"column":41},"end":{"line":121,"column":68}},"23":{"start":{"line":122,"column":38},"end":{"line":122,"column":76}},"24":{"start":{"line":124,"column":18},"end":{"line":160,"column":20}},"25":{"start":{"line":181,"column":0},"end":{"line":181,"column":25}}},"fnMap":{"0":{"name":"(anonymous_0)","decl":{"start":{"line":43,"column":44},"end":{"line":43,"column":45}},"loc":{"start":{"line":55,"column":5},"end":{"line":179,"column":1}}},"1":{"name":"(anonymous_1)","decl":{"start":{"line":58,"column":26},"end":{"line":58,"column":27}},"loc":{"start":{"line":58,"column":44},"end":{"line":65,"column":3}}},"2":{"name":"(anonymous_2)","decl":{"start":{"line":67,"column":28},"end":{"line":67,"column":29}},"loc":{"start":{"line":67,"column":46},"end":{"line":74,"column":3}}},"3":{"name":"(anonymous_3)","decl":{"start":{"line":76,"column":28},"end":{"line":76,"column":29}},"loc":{"start":{"line":76,"column":65},"end":{"line":78,"column":3}}},"4":{"name":"(anonymous_4)","decl":{"start":{"line":99,"column":27},"end":{"line":99,"column":28}},"loc":{"start":{"line":100,"column":16},"end":{"line":101,"column":null}}},"5":{"name":"(anonymous_5)","decl":{"start":{"line":113,"column":22},"end":{"line":113,"column":23}},"loc":{"start":{"line":114,"column":14},"end":{"line":115,"column":null}}},"6":{"name":"(anonymous_6)","decl":{"start":{"line":118,"column":29},"end":{"line":118,"column":30}},"loc":{"start":{"line":118,"column":40},"end":{"line":161,"column":17}}}},"branchMap":{"0":{"loc":{"start":{"line":51,"column":2},"end":{"line":51,"column":17}},"type":"default-arg","locations":[{"start":{"line":51,"column":12},"end":{"line":51,"column":17}}]},"1":{"loc":{"start":{"line":52,"column":2},"end":{"line":52,"column":36}},"type":"default-arg","locations":[{"start":{"line":52,"column":17},"end":{"line":52,"column":36}}]},"2":{"loc":{"start":{"line":53,"column":2},"end":{"line":53,"column":14}},"type":"default-arg","locations":[{"start":{"line":53,"column":10},"end":{"line":53,"column":14}}]},"3":{"loc":{"start":{"line":54,"column":2},"end":{"line":54,"column":38}},"type":"default-arg","locations":[{"start":{"line":54,"column":23},"end":{"line":54,"column":38}}]},"4":{"loc":{"start":{"line":59,"column":4},"end":{"line":63,"column":5}},"type":"if","locations":[{"start":{"line":59,"column":4},"end":{"line":63,"column":5}}]},"5":{"loc":{"start":{"line":59,"column":8},"end":{"line":59,"column":51}},"type":"binary-expr","locations":[{"start":{"line":59,"column":8},"end":{"line":59,"column":30}},{"start":{"line":59,"column":34},"end":{"line":59,"column":51}}]},"6":{"loc":{"start":{"line":60,"column":13},"end":{"line":62,"column":26}},"type":"cond-expr","locations":[{"start":{"line":61,"column":10},"end":{"line":61,"column":34}},{"start":{"line":62,"column":10},"end":{"line":62,"column":26}}]},"7":{"loc":{"start":{"line":68,"column":4},"end":{"line":72,"column":5}},"type":"if","locations":[{"start":{"line":68,"column":4},"end":{"line":72,"column":5}}]},"8":{"loc":{"start":{"line":68,"column":8},"end":{"line":68,"column":51}},"type":"binary-expr","locations":[{"start":{"line":68,"column":8},"end":{"line":68,"column":30}},{"start":{"line":68,"column":34},"end":{"line":68,"column":51}}]},"9":{"loc":{"start":{"line":69,"column":13},"end":{"line":71,"column":26}},"type":"cond-expr","locations":[{"start":{"line":70,"column":10},"end":{"line":70,"column":43}},{"start":{"line":71,"column":10},"end":{"line":71,"column":26}}]},"10":{"loc":{"start":{"line":77,"column":11},"end":{"line":77,"column":64}},"type":"binary-expr","locations":[{"start":{"line":77,"column":11},"end":{"line":77,"column":32}},{"start":{"line":77,"column":36},"end":{"line":77,"column":64}}]},"11":{"loc":{"start":{"line":80,"column":2},"end":{"line":88,"column":3}},"type":"if","locations":[{"start":{"line":80,"column":2},"end":{"line":88,"column":3}}]},"12":{"loc":{"start":{"line":80,"column":6},"end":{"line":80,"column":35}},"type":"binary-expr","locations":[{"start":{"line":80,"column":6},"end":{"line":80,"column":23}},{"start":{"line":80,"column":27},"end":{"line":80,"column":35}}]},"13":{"loc":{"start":{"line":95,"column":16},"end":{"line":95,"column":42}},"type":"cond-expr","locations":[{"start":{"line":95,"column":24},"end":{"line":95,"column":31}},{"start":{"line":95,"column":34},"end":{"line":95,"column":42}}]},"14":{"loc":{"start":{"line":136,"column":23},"end":{"line":157,"column":null}},"type":"cond-expr","locations":[{"start":{"line":137,"column":24},"end":{"line":154,"column":null}},{"start":{"line":157,"column":24},"end":{"line":157,"column":48}}]}},"s":{"0":0,"1":0,"2":0,"3":0,"4":0,"5":0,"6":0,"7":0,"8":0,"9":0,"10":0,"11":0,"12":0,"13":0,"14":0,"15":0,"16":0,"17":0,"18":0,"19":0,"20":0,"21":0,"22":0,"23":0,"24":0,"25":0},"f":{"0":0,"1":0,"2":0,"3":0,"4":0,"5":0,"6":0},"b":{"0":[0],"1":[0],"2":[0],"3":[0],"4":[0],"5":[0,0],"6":[0,0],"7":[0],"8":[0,0],"9":[0,0],"10":[0,0],"11":[0],"12":[0,0],"13":[0,0],"14":[0,0]}}
,"/Users/jagankumar/Office/Work/repo/reports/client/src/components/common/ErrorBoundary.tsx": {"path":"/Users/jagankumar/Office/Work/repo/reports/client/src/components/common/ErrorBoundary.tsx","statementMap":{"0":{"start":{"line":1,"column":0},"end":{"line":1,"column":26}},"1":{"start":{"line":2,"column":0},"end":{"line":2,"column":75}},"2":{"start":{"line":3,"column":0},"end":{"line":3,"column":61}},"3":{"start":{"line":17,"column":4},"end":{"line":17,"column":17}},"4":{"start":{"line":43,"column":2},"end":{"line":45,"column":null}},"5":{"start":{"line":44,"column":4},"end":{"line":44,"column":29}},"6":{"start":{"line":47,"column":2},"end":{"line":49,"column":null}},"7":{"start":{"line":48,"column":4},"end":{"line":48,"column":79}},"8":{"start":{"line":18,"column":4},"end":{"line":18,"column":37}},"9":{"start":{"line":22,"column":4},"end":{"line":25,"column":6}},"10":{"start":{"line":29,"column":4},"end":{"line":32,"column":7}},"11":{"start":{"line":35,"column":4},"end":{"line":37,"column":5}},"12":{"start":{"line":36,"column":6},"end":{"line":36,"column":72}},"13":{"start":{"line":52,"column":4},"end":{"line":115,"column":5}},"14":{"start":{"line":53,"column":6},"end":{"line":114,"column":8}},"15":{"start":{"line":62,"column":40},"end":{"line":62,"column":72}},"16":{"start":{"line":117,"column":4},"end":{"line":117,"column":31}},"17":{"start":{"line":121,"column":0},"end":{"line":121,"column":29}}},"fnMap":{"0":{"name":"(anonymous_0)","decl":{"start":{"line":16,"column":2},"end":{"line":16,"column":14}},"loc":{"start":{"line":16,"column":26},"end":{"line":19,"column":3}}},"1":{"name":"(anonymous_1)","decl":{"start":{"line":43,"column":17},"end":{"line":43,"column":20}},"loc":{"start":{"line":43,"column":22},"end":{"line":45,"column":3}}},"2":{"name":"(anonymous_2)","decl":{"start":{"line":47,"column":16},"end":{"line":47,"column":19}},"loc":{"start":{"line":47,"column":21},"end":{"line":49,"column":3}}},"3":{"name":"(anonymous_3)","decl":{"start":{"line":21,"column":2},"end":{"line":21,"column":8}},"loc":{"start":{"line":21,"column":46},"end":{"line":26,"column":3}}},"4":{"name":"(anonymous_4)","decl":{"start":{"line":28,"column":2},"end":{"line":28,"column":19}},"loc":{"start":{"line":28,"column":60},"end":{"line":41,"column":3}}},"5":{"name":"(anonymous_5)","decl":{"start":{"line":51,"column":2},"end":{"line":51,"column":8}},"loc":{"start":{"line":51,"column":8},"end":{"line":118,"column":3}}},"6":{"name":"(anonymous_6)","decl":{"start":{"line":62,"column":29},"end":{"line":62,"column":30}},"loc":{"start":{"line":62,"column":40},"end":{"line":62,"column":72}}}},"branchMap":{"0":{"loc":{"start":{"line":35,"column":4},"end":{"line":37,"column":5}},"type":"if","locations":[{"start":{"line":35,"column":4},"end":{"line":37,"column":5}}]},"1":{"loc":{"start":{"line":52,"column":4},"end":{"line":115,"column":5}},"type":"if","locations":[{"start":{"line":52,"column":4},"end":{"line":115,"column":5}}]},"2":{"loc":{"start":{"line":97,"column":13},"end":{"line":110,"column":null}},"type":"binary-expr","locations":[{"start":{"line":97,"column":13},"end":{"line":97,"column":51}},{"start":{"line":97,"column":55},"end":{"line":97,"column":71}},{"start":{"line":98,"column":14},"end":{"line":109,"column":null}}]}},"s":{"0":0,"1":0,"2":0,"3":0,"4":0,"5":0,"6":0,"7":0,"8":0,"9":0,"10":0,"11":0,"12":0,"13":0,"14":0,"15":0,"16":0,"17":0},"f":{"0":0,"1":0,"2":0,"3":0,"4":0,"5":0,"6":0},"b":{"0":[0],"1":[0],"2":[0,0,0]}}
,"/Users/jagankumar/Office/Work/repo/reports/client/src/components/common/ErrorDisplay.tsx": {"path":"/Users/jagankumar/Office/Work/repo/reports/client/src/components/common/ErrorDisplay.tsx","statementMap":{"0":{"start":{"line":1,"column":0},"end":{"line":1,"column":26}},"1":{"start":{"line":2,"column":0},"end":{"line":2,"column":null}},"2":{"start":{"line":17,"column":50},"end":{"line":52,"column":1}},"3":{"start":{"line":24,"column":2},"end":{"line":26,"column":3}},"4":{"start":{"line":25,"column":4},"end":{"line":25,"column":16}},"5":{"start":{"line":28,"column":2},"end":{"line":51,"column":4}},"6":{"start":{"line":54,"column":0},"end":{"line":54,"column":28}}},"fnMap":{"0":{"name":"(anonymous_0)","decl":{"start":{"line":17,"column":50},"end":{"line":17,"column":51}},"loc":{"start":{"line":23,"column":5},"end":{"line":52,"column":1}}}},"branchMap":{"0":{"loc":{"start":{"line":20,"column":2},"end":{"line":20,"column":20}},"type":"default-arg","locations":[{"start":{"line":20,"column":13},"end":{"line":20,"column":20}}]},"1":{"loc":{"start":{"line":21,"column":2},"end":{"line":21,"column":34}},"type":"default-arg","locations":[{"start":{"line":21,"column":10},"end":{"line":21,"column":34}}]},"2":{"loc":{"start":{"line":22,"column":2},"end":{"line":22,"column":18}},"type":"default-arg","locations":[{"start":{"line":22,"column":14},"end":{"line":22,"column":18}}]},"3":{"loc":{"start":{"line":24,"column":2},"end":{"line":26,"column":3}},"type":"if","locations":[{"start":{"line":24,"column":2},"end":{"line":26,"column":3}}]},"4":{"loc":{"start":{"line":41,"column":9},"end":{"line":44,"column":null}},"type":"binary-expr","locations":[{"start":{"line":41,"column":9},"end":{"line":41,"column":18}},{"start":{"line":42,"column":10},"end":{"line":43,"column":null}}]}},"s":{"0":0,"1":0,"2":0,"3":0,"4":0,"5":0,"6":0},"f":{"0":0},"b":{"0":[0],"1":[0],"2":[0],"3":[0],"4":[0,0]}}
,"/Users/jagankumar/Office/Work/repo/reports/client/src/components/common/ExportActions.tsx": {"path":"/Users/jagankumar/Office/Work/repo/reports/client/src/components/common/ExportActions.tsx","statementMap":{"0":{"start":{"line":1,"column":0},"end":{"line":1,"column":26}},"1":{"start":{"line":2,"column":0},"end":{"line":2,"column":null}},"2":{"start":{"line":6,"column":0},"end":{"line":6,"column":null}},"3":{"start":{"line":23,"column":52},"end":{"line":59,"column":1}},"4":{"start":{"line":34,"column":2},"end":{"line":58,"column":4}},"5":{"start":{"line":61,"column":0},"end":{"line":61,"column":29}}},"fnMap":{"0":{"name":"(anonymous_0)","decl":{"start":{"line":23,"column":52},"end":{"line":23,"column":53}},"loc":{"start":{"line":33,"column":5},"end":{"line":59,"column":1}}}},"branchMap":{"0":{"loc":{"start":{"line":28,"column":2},"end":{"line":28,"column":18}},"type":"default-arg","locations":[{"start":{"line":28,"column":13},"end":{"line":28,"column":18}}]},"1":{"loc":{"start":{"line":29,"column":2},"end":{"line":29,"column":24}},"type":"default-arg","locations":[{"start":{"line":29,"column":20},"end":{"line":29,"column":24}}]},"2":{"loc":{"start":{"line":30,"column":2},"end":{"line":30,"column":25}},"type":"default-arg","locations":[{"start":{"line":30,"column":21},"end":{"line":30,"column":25}}]},"3":{"loc":{"start":{"line":31,"column":2},"end":{"line":31,"column":29}},"type":"default-arg","locations":[{"start":{"line":31,"column":15},"end":{"line":31,"column":29}}]},"4":{"loc":{"start":{"line":32,"column":2},"end":{"line":32,"column":25}},"type":"default-arg","locations":[{"start":{"line":32,"column":16},"end":{"line":32,"column":25}}]},"5":{"loc":{"start":{"line":36,"column":7},"end":{"line":44,"column":null}},"type":"binary-expr","locations":[{"start":{"line":36,"column":7},"end":{"line":36,"column":22}},{"start":{"line":37,"column":8},"end":{"line":43,"column":null}}]},"6":{"loc":{"start":{"line":47,"column":7},"end":{"line":55,"column":null}},"type":"binary-expr","locations":[{"start":{"line":47,"column":7},"end":{"line":47,"column":23}},{"start":{"line":48,"column":8},"end":{"line":54,"column":null}}]}},"s":{"0":0,"1":0,"2":0,"3":0,"4":0,"5":0},"f":{"0":0},"b":{"0":[0],"1":[0],"2":[0],"3":[0],"4":[0],"5":[0,0],"6":[0,0]}}
,"/Users/jagankumar/Office/Work/repo/reports/client/src/components/common/IndexSelector.tsx": {"path":"/Users/jagankumar/Office/Work/repo/reports/client/src/components/common/IndexSelector.tsx","statementMap":{"0":{"start":{"line":1,"column":0},"end":{"line":1,"column":26}},"1":{"start":{"line":2,"column":0},"end":{"line":2,"column":null}},"2":{"start":{"line":22,"column":52},"end":{"line":57,"column":1}},"3":{"start":{"line":31,"column":2},"end":{"line":56,"column":4}},"4":{"start":{"line":38,"column":27},"end":{"line":38,"column":56}},"5":{"start":{"line":41,"column":12},"end":{"line":41,"column":34}},"6":{"start":{"line":59,"column":0},"end":{"line":59,"column":29}}},"fnMap":{"0":{"name":"(anonymous_0)","decl":{"start":{"line":22,"column":52},"end":{"line":22,"column":53}},"loc":{"start":{"line":30,"column":5},"end":{"line":57,"column":1}}},"1":{"name":"(anonymous_1)","decl":{"start":{"line":38,"column":20},"end":{"line":38,"column":21}},"loc":{"start":{"line":38,"column":27},"end":{"line":38,"column":56}}},"2":{"name":"(anonymous_2)","decl":{"start":{"line":40,"column":32},"end":{"line":40,"column":33}},"loc":{"start":{"line":41,"column":12},"end":{"line":41,"column":34}}}},"branchMap":{"0":{"loc":{"start":{"line":26,"column":2},"end":{"line":26,"column":17}},"type":"default-arg","locations":[{"start":{"line":26,"column":12},"end":{"line":26,"column":17}}]},"1":{"loc":{"start":{"line":27,"column":2},"end":{"line":27,"column":18}},"type":"default-arg","locations":[{"start":{"line":27,"column":13},"end":{"line":27,"column":18}}]},"2":{"loc":{"start":{"line":28,"column":2},"end":{"line":28,"column":24}},"type":"default-arg","locations":[{"start":{"line":28,"column":10},"end":{"line":28,"column":24}}]},"3":{"loc":{"start":{"line":29,"column":2},"end":{"line":29,"column":39}},"type":"default-arg","locations":[{"start":{"line":29,"column":19},"end":{"line":29,"column":39}}]},"4":{"loc":{"start":{"line":33,"column":39},"end":{"line":33,"column":58}},"type":"binary-expr","locations":[{"start":{"line":33,"column":39},"end":{"line":33,"column":46}},{"start":{"line":33,"column":50},"end":{"line":33,"column":58}}]},"5":{"loc":{"start":{"line":47,"column":7},"end":{"line":53,"column":null}},"type":"binary-expr","locations":[{"start":{"line":47,"column":7},"end":{"line":47,"column":14}},{"start":{"line":48,"column":8},"end":{"line":52,"column":null}}]}},"s":{"0":0,"1":0,"2":0,"3":0,"4":0,"5":0,"6":0},"f":{"0":0,"1":0,"2":0},"b":{"0":[0],"1":[0],"2":[0],"3":[0],"4":[0,0],"5":[0,0]}}
,"/Users/jagankumar/Office/Work/repo/reports/client/src/components/common/LoadingSpinner.tsx": {"path":"/Users/jagankumar/Office/Work/repo/reports/client/src/components/common/LoadingSpinner.tsx","statementMap":{"0":{"start":{"line":1,"column":0},"end":{"line":1,"column":26}},"1":{"start":{"line":2,"column":0},"end":{"line":2,"column":76}},"2":{"start":{"line":11,"column":54},"end":{"line":55,"column":1}},"3":{"start":{"line":18,"column":4},"end":{"line":35,"column":null}},"4":{"start":{"line":39,"column":2},"end":{"line":52,"column":3}},"5":{"start":{"line":40,"column":4},"end":{"line":51,"column":6}},"6":{"start":{"line":44,"column":29},"end":{"line":44,"column":52}},"7":{"start":{"line":54,"column":2},"end":{"line":54,"column":17}},"8":{"start":{"line":57,"column":0},"end":{"line":57,"column":30}}},"fnMap":{"0":{"name":"(anonymous_0)","decl":{"start":{"line":11,"column":54},"end":{"line":11,"column":55}},"loc":{"start":{"line":16,"column":5},"end":{"line":55,"column":1}}},"1":{"name":"(anonymous_1)","decl":{"start":{"line":44,"column":18},"end":{"line":44,"column":19}},"loc":{"start":{"line":44,"column":29},"end":{"line":44,"column":52}}}},"branchMap":{"0":{"loc":{"start":{"line":12,"column":2},"end":{"line":12,"column":24}},"type":"default-arg","locations":[{"start":{"line":12,"column":12},"end":{"line":12,"column":24}}]},"1":{"loc":{"start":{"line":13,"column":2},"end":{"line":13,"column":11}},"type":"default-arg","locations":[{"start":{"line":13,"column":9},"end":{"line":13,"column":11}}]},"2":{"loc":{"start":{"line":14,"column":2},"end":{"line":14,"column":18}},"type":"default-arg","locations":[{"start":{"line":14,"column":13},"end":{"line":14,"column":18}}]},"3":{"loc":{"start":{"line":15,"column":2},"end":{"line":15,"column":19}},"type":"default-arg","locations":[{"start":{"line":15,"column":15},"end":{"line":15,"column":19}}]},"4":{"loc":{"start":{"line":25,"column":12},"end":{"line":27,"column":10}},"type":"binary-expr","locations":[{"start":{"line":25,"column":12},"end":{"line":25,"column":22}},{"start":{"line":25,"column":26},"end":{"line":27,"column":10}}]},"5":{"loc":{"start":{"line":31,"column":7},"end":{"line":34,"column":null}},"type":"binary-expr","locations":[{"start":{"line":31,"column":7},"end":{"line":31,"column":14}},{"start":{"line":32,"column":8},"end":{"line":33,"column":null}}]},"6":{"loc":{"start":{"line":39,"column":2},"end":{"line":52,"column":3}},"type":"if","locations":[{"start":{"line":39,"column":2},"end":{"line":52,"column":3}}]}},"s":{"0":0,"1":0,"2":0,"3":0,"4":0,"5":0,"6":0,"7":0,"8":0},"f":{"0":0,"1":0},"b":{"0":[0],"1":[0],"2":[0],"3":[0],"4":[0,0],"5":[0,0],"6":[0]}}
,"/Users/jagankumar/Office/Work/repo/reports/client/src/components/common/QueryGuidelines.tsx": {"path":"/Users/jagankumar/Office/Work/repo/reports/client/src/components/common/QueryGuidelines.tsx","statementMap":{"0":{"start":{"line":1,"column":0},"end":{"line":1,"column":51}},"1":{"start":{"line":2,"column":0},"end":{"line":2,"column":null}},"2":{"start":{"line":10,"column":0},"end":{"line":10,"column":null}},"3":{"start":{"line":16,"column":0},"end":{"line":16,"column":71}},"4":{"start":{"line":39,"column":56},"end":{"line":134,"column":1}},"5":{"start":{"line":43,"column":26},"end":{"line":43,"column":47}},"6":{"start":{"line":44,"column":40},"end":{"line":44,"column":51}},"7":{"start":{"line":45,"column":30},"end":{"line":45,"column":79}},"8":{"start":{"line":47,"column":23},"end":{"line":47,"column":44}},"9":{"start":{"line":49,"column":26},"end":{"line":51,"column":3}},"10":{"start":{"line":50,"column":4},"end":{"line":50,"column":40}},"11":{"start":{"line":53,"column":24},"end":{"line":77,"column":null}},"12":{"start":{"line":54,"column":4},"end":{"line":54,"column":29}},"13":{"start":{"line":69,"column":25},"end":{"line":69,"column":54}},"14":{"start":{"line":80,"column":2},"end":{"line":133,"column":4}},"15":{"start":{"line":84,"column":25},"end":{"line":84,"column":39}},"16":{"start":{"line":106,"column":37},"end":{"line":106,"column":59}},"17":{"start":{"line":112,"column":14},"end":{"line":112,"column":31}},"18":{"start":{"line":117,"column":12},"end":{"line":123,"column":null}},"19":{"start":{"line":136,"column":0},"end":{"line":136,"column":31}}},"fnMap":{"0":{"name":"(anonymous_0)","decl":{"start":{"line":39,"column":56},"end":{"line":39,"column":57}},"loc":{"start":{"line":42,"column":5},"end":{"line":134,"column":1}}},"1":{"name":"(anonymous_1)","decl":{"start":{"line":49,"column":26},"end":{"line":49,"column":27}},"loc":{"start":{"line":49,"column":43},"end":{"line":51,"column":3}}},"2":{"name":"(anonymous_2)","decl":{"start":{"line":53,"column":24},"end":{"line":53,"column":25}},"loc":{"start":{"line":54,"column":4},"end":{"line":54,"column":29}}},"3":{"name":"(anonymous_3)","decl":{"start":{"line":69,"column":19},"end":{"line":69,"column":22}},"loc":{"start":{"line":69,"column":25},"end":{"line":69,"column":54}}},"4":{"name":"(anonymous_4)","decl":{"start":{"line":84,"column":19},"end":{"line":84,"column":22}},"loc":{"start":{"line":84,"column":25},"end":{"line":84,"column":39}}},"5":{"name":"(anonymous_5)","decl":{"start":{"line":106,"column":22},"end":{"line":106,"column":23}},"loc":{"start":{"line":106,"column":37},"end":{"line":106,"column":59}}},"6":{"name":"(anonymous_6)","decl":{"start":{"line":111,"column":35},"end":{"line":111,"column":36}},"loc":{"start":{"line":112,"column":14},"end":{"line":112,"column":31}}},"7":{"name":"(anonymous_7)","decl":{"start":{"line":116,"column":33},"end":{"line":116,"column":34}},"loc":{"start":{"line":117,"column":12},"end":{"line":123,"column":null}}}},"branchMap":{"0":{"loc":{"start":{"line":41,"column":2},"end":{"line":41,"column":21}},"type":"default-arg","locations":[{"start":{"line":41,"column":16},"end":{"line":41,"column":21}}]},"1":{"loc":{"start":{"line":47,"column":23},"end":{"line":47,"column":44}},"type":"binary-expr","locations":[{"start":{"line":47,"column":23},"end":{"line":47,"column":28}},{"start":{"line":47,"column":32},"end":{"line":47,"column":44}}]},"2":{"loc":{"start":{"line":87,"column":11},"end":{"line":87,"column":57}},"type":"cond-expr","locations":[{"start":{"line":87,"column":18},"end":{"line":87,"column":36}},{"start":{"line":87,"column":39},"end":{"line":87,"column":57}}]},"3":{"loc":{"start":{"line":117,"column":12},"end":{"line":123,"column":null}},"type":"binary-expr","locations":[{"start":{"line":117,"column":12},"end":{"line":117,"column":33}},{"start":{"line":118,"column":14},"end":{"line":118,"column":null}}]}},"s":{"0":0,"1":0,"2":0,"3":0,"4":0,"5":0,"6":0,"7":0,"8":0,"9":0,"10":0,"11":0,"12":0,"13":0,"14":0,"15":0,"16":0,"17":0,"18":0,"19":0},"f":{"0":0,"1":0,"2":0,"3":0,"4":0,"5":0,"6":0,"7":0},"b":{"0":[0],"1":[0,0],"2":[0,0],"3":[0,0]}}
,"/Users/jagankumar/Office/Work/repo/reports/client/src/components/common/QueryInput.tsx": {"path":"/Users/jagankumar/Office/Work/repo/reports/client/src/components/common/QueryInput.tsx","statementMap":{"0":{"start":{"line":1,"column":0},"end":{"line":1,"column":26}},"1":{"start":{"line":2,"column":0},"end":{"line":2,"column":null}},"2":{"start":{"line":17,"column":46},"end":{"line":48,"column":1}},"3":{"start":{"line":25,"column":2},"end":{"line":47,"column":4}},"4":{"start":{"line":50,"column":0},"end":{"line":50,"column":26}}},"fnMap":{"0":{"name":"(anonymous_0)","decl":{"start":{"line":17,"column":46},"end":{"line":17,"column":47}},"loc":{"start":{"line":24,"column":5},"end":{"line":48,"column":1}}}},"branchMap":{"0":{"loc":{"start":{"line":20,"column":2},"end":{"line":20,"column":18}},"type":"default-arg","locations":[{"start":{"line":20,"column":13},"end":{"line":20,"column":18}}]},"1":{"loc":{"start":{"line":21,"column":2},"end":{"line":21,"column":38}},"type":"default-arg","locations":[{"start":{"line":21,"column":10},"end":{"line":21,"column":38}}]},"2":{"loc":{"start":{"line":22,"column":2},"end":{"line":22,"column":66}},"type":"default-arg","locations":[{"start":{"line":22,"column":16},"end":{"line":22,"column":66}}]},"3":{"loc":{"start":{"line":23,"column":2},"end":{"line":23,"column":11}},"type":"default-arg","locations":[{"start":{"line":23,"column":9},"end":{"line":23,"column":11}}]}},"s":{"0":0,"1":0,"2":0,"3":0,"4":0},"f":{"0":0},"b":{"0":[0],"1":[0],"2":[0],"3":[0]}}
,"/Users/jagankumar/Office/Work/repo/reports/client/src/components/common/index.ts": {"path":"/Users/jagankumar/Office/Work/repo/reports/client/src/components/common/index.ts","statementMap":{"0":{"start":{"line":1,"column":0},"end":{"line":1,"column":9}},"1":{"start":{"line":1,"column":9},"end":{"line":1,"column":30}},"2":{"start":{"line":2,"column":0},"end":{"line":2,"column":9}},"3":{"start":{"line":2,"column":9},"end":{"line":2,"column":29}},"4":{"start":{"line":3,"column":0},"end":{"line":3,"column":9}},"5":{"start":{"line":3,"column":9},"end":{"line":3,"column":35}},"6":{"start":{"line":4,"column":0},"end":{"line":4,"column":9}},"7":{"start":{"line":4,"column":9},"end":{"line":4,"column":33}},"8":{"start":{"line":5,"column":0},"end":{"line":5,"column":9}},"9":{"start":{"line":5,"column":9},"end":{"line":5,"column":32}},"10":{"start":{"line":6,"column":0},"end":{"line":6,"column":9}},"11":{"start":{"line":6,"column":9},"end":{"line":6,"column":33}},"12":{"start":{"line":7,"column":0},"end":{"line":7,"column":9}},"13":{"start":{"line":7,"column":9},"end":{"line":7,"column":32}},"14":{"start":{"line":8,"column":0},"end":{"line":8,"column":9}},"15":{"start":{"line":8,"column":9},"end":{"line":8,"column":39}},"16":{"start":{"line":9,"column":0},"end":{"line":9,"column":9}},"17":{"start":{"line":9,"column":9},"end":{"line":9,"column":33}},"18":{"start":{"line":10,"column":0},"end":{"line":10,"column":9}},"19":{"start":{"line":10,"column":9},"end":{"line":10,"column":34}}},"fnMap":{"0":{"name":"(anonymous_0)","decl":{"start":{"line":1,"column":9},"end":{"line":1,"column":16}},"loc":{"start":{"line":1,"column":9},"end":{"line":1,"column":30}}},"1":{"name":"(anonymous_1)","decl":{"start":{"line":2,"column":9},"end":{"line":2,"column":16}},"loc":{"start":{"line":2,"column":9},"end":{"line":2,"column":29}}},"2":{"name":"(anonymous_2)","decl":{"start":{"line":3,"column":9},"end":{"line":3,"column":16}},"loc":{"start":{"line":3,"column":9},"end":{"line":3,"column":35}}},"3":{"name":"(anonymous_3)","decl":{"start":{"line":4,"column":9},"end":{"line":4,"column":16}},"loc":{"start":{"line":4,"column":9},"end":{"line":4,"column":33}}},"4":{"name":"(anonymous_4)","decl":{"start":{"line":5,"column":9},"end":{"line":5,"column":16}},"loc":{"start":{"line":5,"column":9},"end":{"line":5,"column":32}}},"5":{"name":"(anonymous_5)","decl":{"start":{"line":6,"column":9},"end":{"line":6,"column":16}},"loc":{"start":{"line":6,"column":9},"end":{"line":6,"column":33}}},"6":{"name":"(anonymous_6)","decl":{"start":{"line":7,"column":9},"end":{"line":7,"column":16}},"loc":{"start":{"line":7,"column":9},"end":{"line":7,"column":32}}},"7":{"name":"(anonymous_7)","decl":{"start":{"line":8,"column":9},"end":{"line":8,"column":16}},"loc":{"start":{"line":8,"column":9},"end":{"line":8,"column":39}}},"8":{"name":"(anonymous_8)","decl":{"start":{"line":9,"column":9},"end":{"line":9,"column":16}},"loc":{"start":{"line":9,"column":9},"end":{"line":9,"column":33}}},"9":{"name":"(anonymous_9)","decl":{"start":{"line":10,"column":9},"end":{"line":10,"column":16}},"loc":{"start":{"line":10,"column":9},"end":{"line":10,"column":34}}}},"branchMap":{},"s":{"0":0,"1":0,"2":0,"3":0,"4":0,"5":0,"6":0,"7":0,"8":0,"9":0,"10":0,"11":0,"12":0,"13":0,"14":0,"15":0,"16":0,"17":0,"18":0,"19":0},"f":{"0":0,"1":0,"2":0,"3":0,"4":0,"5":0,"6":0,"7":0,"8":0,"9":0},"b":{}}
,"/Users/jagankumar/Office/Work/repo/reports/client/src/components/layout/AppBar.tsx": {"path":"/Users/jagankumar/Office/Work/repo/reports/client/src/components/layout/AppBar.tsx","statementMap":{"0":{"start":{"line":1,"column":0},"end":{"line":1,"column":26}},"1":{"start":{"line":2,"column":0},"end":{"line":2,"column":null}},"2":{"start":{"line":10,"column":0},"end":{"line":10,"column":null}},"3":{"start":{"line":17,"column":0},"end":{"line":17,"column":57}},"4":{"start":{"line":18,"column":0},"end":{"line":18,"column":55}},"5":{"start":{"line":20,"column":25},"end":{"line":106,"column":1}},"6":{"start":{"line":21,"column":19},"end":{"line":21,"column":35}},"7":{"start":{"line":22,"column":26},"end":{"line":22,"column":61}},"8":{"start":{"line":22,"column":52},"end":{"line":22,"column":60}},"9":{"start":{"line":24,"column":30},"end":{"line":26,"column":3}},"10":{"start":{"line":25,"column":4},"end":{"line":25,"column":30}},"11":{"start":{"line":28,"column":2},"end":{"line":105,"column":4}},"12":{"start":{"line":33,"column":27},"end":{"line":33,"column":50}},"13":{"start":{"line":34,"column":36},"end":{"line":34,"column":66}},"14":{"start":{"line":35,"column":26},"end":{"line":35,"column":52}},"15":{"start":{"line":36,"column":33},"end":{"line":36,"column":69}},"16":{"start":{"line":108,"column":0},"end":{"line":108,"column":22}}},"fnMap":{"0":{"name":"(anonymous_0)","decl":{"start":{"line":20,"column":25},"end":{"line":20,"column":28}},"loc":{"start":{"line":20,"column":30},"end":{"line":106,"column":1}}},"1":{"name":"(anonymous_1)","decl":{"start":{"line":22,"column":41},"end":{"line":22,"column":42}},"loc":{"start":{"line":22,"column":52},"end":{"line":22,"column":60}}},"2":{"name":"(anonymous_2)","decl":{"start":{"line":24,"column":30},"end":{"line":24,"column":33}},"loc":{"start":{"line":24,"column":35},"end":{"line":26,"column":3}}},"3":{"name":"(anonymous_3)","decl":{"start":{"line":33,"column":16},"end":{"line":33,"column":17}},"loc":{"start":{"line":33,"column":27},"end":{"line":33,"column":50}}},"4":{"name":"(anonymous_4)","decl":{"start":{"line":34,"column":25},"end":{"line":34,"column":26}},"loc":{"start":{"line":34,"column":36},"end":{"line":34,"column":66}}},"5":{"name":"(anonymous_5)","decl":{"start":{"line":35,"column":15},"end":{"line":35,"column":16}},"loc":{"start":{"line":35,"column":26},"end":{"line":35,"column":52}}},"6":{"name":"(anonymous_6)","decl":{"start":{"line":36,"column":22},"end":{"line":36,"column":23}},"loc":{"start":{"line":36,"column":33},"end":{"line":36,"column":69}}}},"branchMap":{},"s":{"0":0,"1":0,"2":0,"3":0,"4":0,"5":0,"6":0,"7":0,"8":0,"9":0,"10":0,"11":0,"12":0,"13":0,"14":0,"15":0,"16":0},"f":{"0":0,"1":0,"2":0,"3":0,"4":0,"5":0,"6":0},"b":{}}
,"/Users/jagankumar/Office/Work/repo/reports/client/src/components/layout/Sidebar.tsx": {"path":"/Users/jagankumar/Office/Work/repo/reports/client/src/components/layout/Sidebar.tsx","statementMap":{"0":{"start":{"line":1,"column":0},"end":{"line":1,"column":26}},"1":{"start":{"line":2,"column":0},"end":{"line":2,"column":60}},"2":{"start":{"line":3,"column":0},"end":{"line":3,"column":null}},"3":{"start":{"line":15,"column":0},"end":{"line":15,"column":null}},"4":{"start":{"line":28,"column":21},"end":{"line":28,"column":24}},"5":{"start":{"line":39,"column":28},"end":{"line":80,"column":2}},"6":{"start":{"line":82,"column":40},"end":{"line":232,"column":1}},"7":{"start":{"line":83,"column":19},"end":{"line":83,"column":32}},"8":{"start":{"line":84,"column":19},"end":{"line":84,"column":32}},"9":{"start":{"line":86,"column":27},"end":{"line":90,"column":3}},"10":{"start":{"line":87,"column":4},"end":{"line":89,"column":5}},"11":{"start":{"line":88,"column":6},"end":{"line":88,"column":21}},"12":{"start":{"line":92,"column":19},"end":{"line":94,"column":3}},"13":{"start":{"line":93,"column":4},"end":{"line":93,"column":38}},"14":{"start":{"line":96,"column":24},"end":{"line":105,"column":3}},"15":{"start":{"line":97,"column":4},"end":{"line":104,"column":5}},"16":{"start":{"line":98,"column":14},"end":{"line":98,"column":31}},"17":{"start":{"line":99,"column":14},"end":{"line":99,"column":31}},"18":{"start":{"line":100,"column":14},"end":{"line":100,"column":28}},"19":{"start":{"line":101,"column":14},"end":{"line":101,"column":33}},"20":{"start":{"line":102,"column":14},"end":{"line":102,"column":31}},"21":{"start":{"line":103,"column":15},"end":{"line":103,"column":32}},"22":{"start":{"line":107,"column":2},"end":{"line":231,"column":4}},"23":{"start":{"line":120,"column":34},"end":{"line":120,"column":70}},"24":{"start":{"line":137,"column":10},"end":{"line":137,"column":34}},"25":{"start":{"line":139,"column":29},"end":{"line":139,"column":72}},"26":{"start":{"line":147,"column":46},"end":{"line":147,"column":72}},"27":{"start":{"line":148,"column":36},"end":{"line":148,"column":70}},"28":{"start":{"line":150,"column":38},"end":{"line":150,"column":72}},"29":{"start":{"line":163,"column":33},"end":{"line":163,"column":61}},"30":{"start":{"line":205,"column":29},"end":{"line":205,"column":54}},"31":{"start":{"line":222,"column":57},"end":{"line":222,"column":93}},"32":{"start":{"line":234,"column":0},"end":{"line":234,"column":23}}},"fnMap":{"0":{"name":"(anonymous_0)","decl":{"start":{"line":82,"column":40},"end":{"line":82,"column":41}},"loc":{"start":{"line":82,"column":53},"end":{"line":232,"column":1}}},"1":{"name":"(anonymous_1)","decl":{"start":{"line":86,"column":27},"end":{"line":86,"column":28}},"loc":{"start":{"line":86,"column":64},"end":{"line":90,"column":3}}},"2":{"name":"(anonymous_2)","decl":{"start":{"line":92,"column":19},"end":{"line":92,"column":20}},"loc":{"start":{"line":92,"column":36},"end":{"line":94,"column":3}}},"3":{"name":"(anonymous_3)","decl":{"start":{"line":96,"column":24},"end":{"line":96,"column":25}},"loc":{"start":{"line":96,"column":42},"end":{"line":105,"column":3}}},"4":{"name":"(anonymous_4)","decl":{"start":{"line":120,"column":23},"end":{"line":120,"column":24}},"loc":{"start":{"line":120,"column":34},"end":{"line":120,"column":70}}},"5":{"name":"(anonymous_5)","decl":{"start":{"line":136,"column":22},"end":{"line":136,"column":23}},"loc":{"start":{"line":137,"column":10},"end":{"line":137,"column":34}}},"6":{"name":"(anonymous_6)","decl":{"start":{"line":139,"column":23},"end":{"line":139,"column":26}},"loc":{"start":{"line":139,"column":29},"end":{"line":139,"column":72}}},"7":{"name":"(anonymous_7)","decl":{"start":{"line":147,"column":35},"end":{"line":147,"column":36}},"loc":{"start":{"line":147,"column":46},"end":{"line":147,"column":72}}},"8":{"name":"(anonymous_8)","decl":{"start":{"line":148,"column":25},"end":{"line":148,"column":26}},"loc":{"start":{"line":148,"column":36},"end":{"line":148,"column":70}}},"9":{"name":"(anonymous_9)","decl":{"start":{"line":150,"column":27},"end":{"line":150,"column":28}},"loc":{"start":{"line":150,"column":38},"end":{"line":150,"column":72}}},"10":{"name":"(anonymous_10)","decl":{"start":{"line":163,"column":22},"end":{"line":163,"column":23}},"loc":{"start":{"line":163,"column":33},"end":{"line":163,"column":61}}},"11":{"name":"(anonymous_11)","decl":{"start":{"line":205,"column":23},"end":{"line":205,"column":26}},"loc":{"start":{"line":205,"column":29},"end":{"line":205,"column":54}}},"12":{"name":"(anonymous_12)","decl":{"start":{"line":222,"column":46},"end":{"line":222,"column":47}},"loc":{"start":{"line":222,"column":57},"end":{"line":222,"column":93}}}},"branchMap":{"0":{"loc":{"start":{"line":87,"column":4},"end":{"line":89,"column":5}},"type":"if","locations":[{"start":{"line":87,"column":4},"end":{"line":89,"column":5}}]},"1":{"loc":{"start":{"line":97,"column":4},"end":{"line":104,"column":5}},"type":"switch","locations":[{"start":{"line":98,"column":6},"end":{"line":98,"column":31}},{"start":{"line":99,"column":6},"end":{"line":99,"column":31}},{"start":{"line":100,"column":6},"end":{"line":100,"column":28}},{"start":{"line":101,"column":6},"end":{"line":101,"column":33}},{"start":{"line":102,"column":6},"end":{"line":102,"column":31}},{"start":{"line":103,"column":6},"end":{"line":103,"column":32}}]},"2":{"loc":{"start":{"line":140,"column":24},"end":{"line":140,"column":61}},"type":"binary-expr","locations":[{"start":{"line":140,"column":24},"end":{"line":140,"column":43}},{"start":{"line":140,"column":47},"end":{"line":140,"column":61}}]},"3":{"loc":{"start":{"line":161,"column":25},"end":{"line":163,"column":61}},"type":"cond-expr","locations":[{"start":{"line":162,"column":22},"end":{"line":162,"column":31}},{"start":{"line":163,"column":22},"end":{"line":163,"column":61}}]},"4":{"loc":{"start":{"line":161,"column":25},"end":{"line":161,"column":62}},"type":"binary-expr","locations":[{"start":{"line":161,"column":25},"end":{"line":161,"column":44}},{"start":{"line":161,"column":48},"end":{"line":161,"column":62}}]},"5":{"loc":{"start":{"line":173,"column":32},"end":{"line":173,"column":81}},"type":"cond-expr","locations":[{"start":{"line":173,"column":72},"end":{"line":173,"column":75}},{"start":{"line":173,"column":78},"end":{"line":173,"column":81}}]},"6":{"loc":{"start":{"line":173,"column":32},"end":{"line":173,"column":69}},"type":"binary-expr","locations":[{"start":{"line":173,"column":32},"end":{"line":173,"column":51}},{"start":{"line":173,"column":55},"end":{"line":173,"column":69}}]},"7":{"loc":{"start":{"line":180,"column":23},"end":{"line":180,"column":84}},"type":"cond-expr","locations":[{"start":{"line":180,"column":40},"end":{"line":180,"column":72}},{"start":{"line":180,"column":75},"end":{"line":180,"column":84}}]},"8":{"loc":{"start":{"line":181,"column":25},"end":{"line":181,"column":63}},"type":"cond-expr","locations":[{"start":{"line":181,"column":42},"end":{"line":181,"column":50}},{"start":{"line":181,"column":53},"end":{"line":181,"column":63}}]}},"s":{"0":0,"1":0,"2":0,"3":0,"4":0,"5":0,"6":0,"7":0,"8":0,"9":0,"10":0,"11":0,"12":0,"13":0,"14":0,"15":0,"16":0,"17":0,"18":0,"19":0,"20":0,"21":0,"22":0,"23":0,"24":0,"25":0,"26":0,"27":0,"28":0,"29":0,"30":0,"31":0,"32":0},"f":{"0":0,"1":0,"2":0,"3":0,"4":0,"5":0,"6":0,"7":0,"8":0,"9":0,"10":0,"11":0,"12":0},"b":{"0":[0],"1":[0,0,0,0,0,0],"2":[0,0],"3":[0,0],"4":[0,0],"5":[0,0],"6":[0,0],"7":[0,0],"8":[0,0]}}
,"/Users/jagankumar/Office/Work/repo/reports/client/src/components/query/DirectQuery.tsx": {"path":"/Users/jagankumar/Office/Work/repo/reports/client/src/components/query/DirectQuery.tsx","statementMap":{"0":{"start":{"line":1,"column":0},"end":{"line":1,"column":64}},"1":{"start":{"line":2,"column":0},"end":{"line":2,"column":null}},"2":{"start":{"line":15,"column":0},"end":{"line":15,"column":null}},"3":{"start":{"line":23,"column":0},"end":{"line":23,"column":null}},"4":{"start":{"line":36,"column":0},"end":{"line":36,"column":48}},"5":{"start":{"line":37,"column":0},"end":{"line":37,"column":null}},"6":{"start":{"line":45,"column":30},"end":{"line":639,"column":1}},"7":{"start":{"line":48,"column":44},"end":{"line":48,"column":64}},"8":{"start":{"line":49,"column":36},"end":{"line":49,"column":115}},"9":{"start":{"line":50,"column":26},"end":{"line":50,"column":45}},"10":{"start":{"line":51,"column":26},"end":{"line":51,"column":46}},"11":{"start":{"line":52,"column":30},"end":{"line":52,"column":72}},"12":{"start":{"line":53,"column":32},"end":{"line":53,"column":56}},"13":{"start":{"line":54,"column":28},"end":{"line":54,"column":57}},"14":{"start":{"line":55,"column":50},"end":{"line":55,"column":72}},"15":{"start":{"line":56,"column":46},"end":{"line":56,"column":69}},"16":{"start":{"line":59,"column":26},"end":{"line":59,"column":37}},"17":{"start":{"line":60,"column":40},"end":{"line":60,"column":52}},"18":{"start":{"line":63,"column":48},"end":{"line":63,"column":70}},"19":{"start":{"line":64,"column":50},"end":{"line":64,"column":72}},"20":{"start":{"line":65,"column":44},"end":{"line":65,"column":66}},"21":{"start":{"line":66,"column":58},"end":{"line":66,"column":82}},"22":{"start":{"line":67,"column":50},"end":{"line":67,"column":65}},"23":{"start":{"line":68,"column":46},"end":{"line":68,"column":86}},"24":{"start":{"line":72,"column":2},"end":{"line":103,"column":22}},"25":{"start":{"line":73,"column":24},"end":{"line":100,"column":5}},"26":{"start":{"line":74,"column":6},"end":{"line":99,"column":7}},"27":{"start":{"line":75,"column":8},"end":{"line":75,"column":32}},"28":{"start":{"line":76,"column":24},"end":{"line":76,"column":57}},"29":{"start":{"line":77,"column":8},"end":{"line":77,"column":37}},"30":{"start":{"line":78,"column":8},"end":{"line":80,"column":9}},"31":{"start":{"line":79,"column":10},"end":{"line":79,"column":39}},"32":{"start":{"line":83,"column":27},"end":{"line":83,"column":51}},"33":{"start":{"line":85,"column":8},"end":{"line":94,"column":9}},"34":{"start":{"line":86,"column":10},"end":{"line":86,"column":66}},"35":{"start":{"line":87,"column":10},"end":{"line":89,"column":11}},"36":{"start":{"line":88,"column":12},"end":{"line":88,"column":82}},"37":{"start":{"line":90,"column":15},"end":{"line":94,"column":9}},"38":{"start":{"line":91,"column":10},"end":{"line":91,"column":66}},"39":{"start":{"line":93,"column":10},"end":{"line":93,"column":66}},"40":{"start":{"line":96,"column":8},"end":{"line":96,"column":31}},"41":{"start":{"line":98,"column":8},"end":{"line":98,"column":33}},"42":{"start":{"line":102,"column":4},"end":{"line":102,"column":18}},"43":{"start":{"line":106,"column":2},"end":{"line":117,"column":22}},"44":{"start":{"line":107,"column":4},"end":{"line":116,"column":5}},"45":{"start":{"line":109,"column":6},"end":{"line":109,"column":30}},"46":{"start":{"line":110,"column":6},"end":{"line":110,"column":29}},"47":{"start":{"line":111,"column":6},"end":{"line":111,"column":27}},"48":{"start":{"line":112,"column":6},"end":{"line":112,"column":37}},"49":{"start":{"line":114,"column":6},"end":{"line":114,"column":22}},"50":{"start":{"line":115,"column":6},"end":{"line":115,"column":21}},"51":{"start":{"line":120,"column":2},"end":{"line":160,"column":74}},"52":{"start":{"line":121,"column":4},"end":{"line":159,"column":5}},"53":{"start":{"line":123,"column":22},"end":{"line":123,"column":39}},"54":{"start":{"line":124,"column":6},"end":{"line":138,"column":9}},"55":{"start":{"line":125,"column":8},"end":{"line":137,"column":9}},"56":{"start":{"line":126,"column":30},"end":{"line":135,"column":11}},"57":{"start":{"line":127,"column":12},"end":{"line":134,"column":15}},"58":{"start":{"line":128,"column":30},"end":{"line":128,"column":63}},"59":{"start":{"line":129,"column":14},"end":{"line":133,"column":15}},"60":{"start":{"line":130,"column":16},"end":{"line":130,"column":47}},"61":{"start":{"line":132,"column":16},"end":{"line":132,"column":37}},"62":{"start":{"line":136,"column":10},"end":{"line":136,"column":35}},"63":{"start":{"line":140,"column":25},"end":{"line":140,"column":73}},"64":{"start":{"line":141,"column":6},"end":{"line":141,"column":35}},"65":{"start":{"line":142,"column":6},"end":{"line":142,"column":38}},"66":{"start":{"line":145,"column":27},"end":{"line":145,"column":68}},"67":{"start":{"line":146,"column":6},"end":{"line":158,"column":7}},"68":{"start":{"line":148,"column":34},"end":{"line":148,"column":86}},"69":{"start":{"line":148,"column":61},"end":{"line":148,"column":85}},"70":{"start":{"line":149,"column":8},"end":{"line":154,"column":9}},"71":{"start":{"line":150,"column":10},"end":{"line":150,"column":48}},"72":{"start":{"line":153,"column":10},"end":{"line":153,"column":41}},"73":{"start":{"line":157,"column":8},"end":{"line":157,"column":39}},"74":{"start":{"line":163,"column":24},"end":{"line":277,"column":44}},"75":{"start":{"line":164,"column":4},"end":{"line":167,"column":5}},"76":{"start":{"line":165,"column":6},"end":{"line":165,"column":41}},"77":{"start":{"line":166,"column":6},"end":{"line":166,"column":13}},"78":{"start":{"line":169,"column":4},"end":{"line":172,"column":5}},"79":{"start":{"line":170,"column":6},"end":{"line":170,"column":39}},"80":{"start":{"line":171,"column":6},"end":{"line":171,"column":13}},"81":{"start":{"line":174,"column":4},"end":{"line":276,"column":5}},"82":{"start":{"line":175,"column":6},"end":{"line":175,"column":23}},"83":{"start":{"line":176,"column":6},"end":{"line":176,"column":21}},"84":{"start":{"line":180,"column":6},"end":{"line":184,"column":7}},"85":{"start":{"line":181,"column":8},"end":{"line":181,"column":44}},"86":{"start":{"line":183,"column":8},"end":{"line":183,"column":120}},"87":{"start":{"line":188,"column":45},"end":{"line":188,"column":49}},"88":{"start":{"line":190,"column":6},"end":{"line":205,"column":7}},"89":{"start":{"line":192,"column":29},"end":{"line":192,"column":80}},"90":{"start":{"line":192,"column":59},"end":{"line":192,"column":79}},"91":{"start":{"line":193,"column":8},"end":{"line":195,"column":9}},"92":{"start":{"line":194,"column":10},"end":{"line":194,"column":38}},"93":{"start":{"line":198,"column":29},"end":{"line":198,"column":70}},"94":{"start":{"line":199,"column":8},"end":{"line":204,"column":9}},"95":{"start":{"line":200,"column":31},"end":{"line":200,"column":79}},"96":{"start":{"line":200,"column":58},"end":{"line":200,"column":78}},"97":{"start":{"line":201,"column":10},"end":{"line":203,"column":11}},"98":{"start":{"line":202,"column":12},"end":{"line":202,"column":40}},"99":{"start":{"line":207,"column":42},"end":{"line":213,"column":8}},"100":{"start":{"line":216,"column":33},"end":{"line":216,"column":60}},"101":{"start":{"line":225,"column":23},"end":{"line":225,"column":60}},"102":{"start":{"line":226,"column":6},"end":{"line":226,"column":26}},"103":{"start":{"line":227,"column":6},"end":{"line":227,"column":50}},"104":{"start":{"line":228,"column":6},"end":{"line":228,"column":17}},"105":{"start":{"line":232,"column":25},"end":{"line":232,"column":52}},"106":{"start":{"line":234,"column":6},"end":{"line":270,"column":7}},"107":{"start":{"line":235,"column":8},"end":{"line":265,"column":9}},"108":{"start":{"line":236,"column":10},"end":{"line":236,"column":37}},"109":{"start":{"line":239,"column":10},"end":{"line":241,"column":11}},"110":{"start":{"line":240,"column":12},"end":{"line":240,"column":57}},"111":{"start":{"line":244,"column":10},"end":{"line":262,"column":11}},"112":{"start":{"line":245,"column":31},"end":{"line":245,"column":78}},"113":{"start":{"line":246,"column":12},"end":{"line":248,"column":13}},"114":{"start":{"line":247,"column":14},"end":{"line":247,"column":115}},"115":{"start":{"line":249,"column":17},"end":{"line":262,"column":11}},"116":{"start":{"line":250,"column":12},"end":{"line":250,"column":112}},"117":{"start":{"line":251,"column":17},"end":{"line":262,"column":11}},"118":{"start":{"line":252,"column":12},"end":{"line":252,"column":124}},"119":{"start":{"line":253,"column":17},"end":{"line":262,"column":11}},"120":{"start":{"line":254,"column":12},"end":{"line":254,"column":118}},"121":{"start":{"line":255,"column":17},"end":{"line":262,"column":11}},"122":{"start":{"line":257,"column":12},"end":{"line":261,"column":13}},"123":{"start":{"line":258,"column":14},"end":{"line":258,"column":103}},"124":{"start":{"line":259,"column":19},"end":{"line":261,"column":13}},"125":{"start":{"line":260,"column":14},"end":{"line":260,"column":138}},"126":{"start":{"line":263,"column":15},"end":{"line":265,"column":9}},"127":{"start":{"line":264,"column":10},"end":{"line":264,"column":55}},"128":{"start":{"line":266,"column":13},"end":{"line":270,"column":7}},"129":{"start":{"line":267,"column":8},"end":{"line":267,"column":35}},"130":{"start":{"line":269,"column":8},"end":{"line":269,"column":35}},"131":{"start":{"line":272,"column":6},"end":{"line":272,"column":29}},"132":{"start":{"line":273,"column":6},"end":{"line":273,"column":22}},"133":{"start":{"line":275,"column":6},"end":{"line":275,"column":24}},"134":{"start":{"line":280,"column":22},"end":{"line":284,"column":8}},"135":{"start":{"line":281,"column":4},"end":{"line":281,"column":20}},"136":{"start":{"line":282,"column":4},"end":{"line":282,"column":19}},"137":{"start":{"line":283,"column":4},"end":{"line":283,"column":15}},"138":{"start":{"line":287,"column":28},"end":{"line":290,"column":8}},"139":{"start":{"line":288,"column":4},"end":{"line":288,"column":37}},"140":{"start":{"line":289,"column":4},"end":{"line":289,"column":19}},"141":{"start":{"line":293,"column":27},"end":{"line":295,"column":8}},"142":{"start":{"line":294,"column":4},"end":{"line":294,"column":21}},"143":{"start":{"line":297,"column":34},"end":{"line":300,"column":8}},"144":{"start":{"line":298,"column":4},"end":{"line":298,"column":53}},"145":{"start":{"line":299,"column":4},"end":{"line":299,"column":15}},"146":{"start":{"line":303,"column":32},"end":{"line":360,"column":23}},"147":{"start":{"line":304,"column":4},"end":{"line":304,"column":69}},"148":{"start":{"line":304,"column":36},"end":{"line":304,"column":69}},"149":{"start":{"line":307,"column":20},"end":{"line":307,"column":37}},"150":{"start":{"line":308,"column":4},"end":{"line":322,"column":7}},"151":{"start":{"line":309,"column":6},"end":{"line":321,"column":7}},"152":{"start":{"line":310,"column":28},"end":{"line":319,"column":9}},"153":{"start":{"line":311,"column":10},"end":{"line":318,"column":13}},"154":{"start":{"line":312,"column":28},"end":{"line":312,"column":61}},"155":{"start":{"line":313,"column":12},"end":{"line":317,"column":13}},"156":{"start":{"line":314,"column":14},"end":{"line":314,"column":45}},"157":{"start":{"line":316,"column":14},"end":{"line":316,"column":35}},"158":{"start":{"line":320,"column":8},"end":{"line":320,"column":33}},"159":{"start":{"line":325,"column":26},"end":{"line":325,"column":74}},"160":{"start":{"line":328,"column":27},"end":{"line":330,"column":21}},"161":{"start":{"line":329,"column":38},"end":{"line":329,"column":65}},"162":{"start":{"line":333,"column":17},"end":{"line":357,"column":6}},"163":{"start":{"line":334,"column":28},"end":{"line":338,"column":8}},"164":{"start":{"line":341,"column":28},"end":{"line":350,"column":7}},"165":{"start":{"line":342,"column":8},"end":{"line":349,"column":11}},"166":{"start":{"line":343,"column":26},"end":{"line":343,"column":59}},"167":{"start":{"line":344,"column":10},"end":{"line":348,"column":11}},"168":{"start":{"line":345,"column":12},"end":{"line":345,"column":45}},"169":{"start":{"line":347,"column":12},"end":{"line":347,"column":36}},"170":{"start":{"line":352,"column":6},"end":{"line":354,"column":7}},"171":{"start":{"line":353,"column":8},"end":{"line":353,"column":35}},"172":{"start":{"line":356,"column":6},"end":{"line":356,"column":17}},"173":{"start":{"line":359,"column":4},"end":{"line":359,"column":45}},"174":{"start":{"line":363,"column":27},"end":{"line":368,"column":33}},"175":{"start":{"line":364,"column":4},"end":{"line":364,"column":39}},"176":{"start":{"line":364,"column":29},"end":{"line":364,"column":39}},"177":{"start":{"line":365,"column":18},"end":{"line":365,"column":36}},"178":{"start":{"line":366,"column":16},"end":{"line":366,"column":35}},"179":{"start":{"line":367,"column":4},"end":{"line":367,"column":46}},"180":{"start":{"line":371,"column":22},"end":{"line":373,"column":3}},"181":{"start":{"line":372,"column":4},"end":{"line":372,"column":78}},"182":{"start":{"line":372,"column":60},"end":{"line":372,"column":76}},"183":{"start":{"line":375,"column":28},"end":{"line":375,"column":69}},"184":{"start":{"line":376,"column":20},"end":{"line":376,"column":51}},"185":{"start":{"line":379,"column":29},"end":{"line":398,"column":21}},"186":{"start":{"line":380,"column":4},"end":{"line":397,"column":7}},"187":{"start":{"line":381,"column":27},"end":{"line":383,"column":27}},"188":{"start":{"line":382,"column":29},"end":{"line":382,"column":43}},"189":{"start":{"line":386,"column":6},"end":{"line":394,"column":7}},"190":{"start":{"line":387,"column":8},"end":{"line":387,"column":59}},"191":{"start":{"line":396,"column":6},"end":{"line":396,"column":26}},"192":{"start":{"line":401,"column":33},"end":{"line":407,"column":54}},"193":{"start":{"line":402,"column":28},"end":{"line":402,"column":87}},"194":{"start":{"line":403,"column":4},"end":{"line":403,"column":40}},"195":{"start":{"line":404,"column":4},"end":{"line":406,"column":5}},"196":{"start":{"line":405,"column":6},"end":{"line":405,"column":60}},"197":{"start":{"line":409,"column":32},"end":{"line":416,"column":21}},"198":{"start":{"line":411,"column":23},"end":{"line":411,"column":30}},"199":{"start":{"line":412,"column":4},"end":{"line":412,"column":35}},"200":{"start":{"line":413,"column":4},"end":{"line":415,"column":5}},"201":{"start":{"line":414,"column":6},"end":{"line":414,"column":55}},"202":{"start":{"line":419,"column":28},"end":{"line":433,"column":58}},"203":{"start":{"line":420,"column":4},"end":{"line":422,"column":5}},"204":{"start":{"line":421,"column":6},"end":{"line":421,"column":13}},"205":{"start":{"line":425,"column":32},"end":{"line":425,"column":71}},"206":{"start":{"line":426,"column":35},"end":{"line":429,"column":6}},"207":{"start":{"line":431,"column":21},"end":{"line":431,"column":95}},"208":{"start":{"line":432,"column":4},"end":{"line":432,"column":40}},"209":{"start":{"line":436,"column":34},"end":{"line":439,"column":8}},"210":{"start":{"line":437,"column":4},"end":{"line":437,"column":43}},"211":{"start":{"line":438,"column":4},"end":{"line":438,"column":30}},"212":{"start":{"line":441,"column":34},"end":{"line":444,"column":8}},"213":{"start":{"line":442,"column":4},"end":{"line":442,"column":31}},"214":{"start":{"line":443,"column":4},"end":{"line":443,"column":28}},"215":{"start":{"line":446,"column":2},"end":{"line":638,"column":4}},"216":{"start":{"line":480,"column":37},"end":{"line":480,"column":88}},"217":{"start":{"line":492,"column":37},"end":{"line":492,"column":105}},"218":{"start":{"line":552,"column":29},"end":{"line":552,"column":43}},"219":{"start":{"line":610,"column":22},"end":{"line":614,"column":23}},"220":{"start":{"line":611,"column":24},"end":{"line":611,"column":70}},"221":{"start":{"line":612,"column":47},"end":{"line":612,"column":106}},"222":{"start":{"line":613,"column":24},"end":{"line":613,"column":59}},"223":{"start":{"line":641,"column":0},"end":{"line":641,"column":27}}},"fnMap":{"0":{"name":"(anonymous_0)","decl":{"start":{"line":45,"column":30},"end":{"line":45,"column":33}},"loc":{"start":{"line":45,"column":35},"end":{"line":639,"column":1}}},"1":{"name":"(anonymous_1)","decl":{"start":{"line":72,"column":12},"end":{"line":72,"column":15}},"loc":{"start":{"line":72,"column":17},"end":{"line":103,"column":3}}},"2":{"name":"(anonymous_2)","decl":{"start":{"line":73,"column":24},"end":{"line":73,"column":29}},"loc":{"start":{"line":73,"column":35},"end":{"line":100,"column":5}}},"3":{"name":"(anonymous_3)","decl":{"start":{"line":106,"column":12},"end":{"line":106,"column":15}},"loc":{"start":{"line":106,"column":17},"end":{"line":117,"column":3}}},"4":{"name":"(anonymous_4)","decl":{"start":{"line":120,"column":12},"end":{"line":120,"column":15}},"loc":{"start":{"line":120,"column":17},"end":{"line":160,"column":3}}},"5":{"name":"(anonymous_5)","decl":{"start":{"line":124,"co
[...]
"line":170,"column":29}},"loc":{"start":{"line":170,"column":100},"end":{"line":197,"column":1}}},"7":{"name":"(anonymous_7)","decl":{"start":{"line":202,"column":31},"end":{"line":202,"column":32}},"loc":{"start":{"line":202,"column":61},"end":{"line":207,"column":1}}},"8":{"name":"(anonymous_8)","decl":{"start":{"line":205,"column":9},"end":{"line":205,"column":13}},"loc":{"start":{"line":205,"column":17},"end":{"line":205,"column":61}}},"9":{"name":"(anonymous_9)","decl":{"start":{"line":212,"column":30},"end":{"line":212,"column":31}},"loc":{"start":{"line":212,"column":68},"end":{"line":235,"column":1}}},"10":{"name":"(anonymous_10)","decl":{"start":{"line":240,"column":28},"end":{"line":240,"column":29}},"loc":{"start":{"line":240,"column":77},"end":{"line":246,"column":1}}}},"branchMap":{"0":{"loc":{"start":{"line":7,"column":2},"end":{"line":9,"column":3}},"type":"if","locations":[{"start":{"line":7,"column":2},"end":{"line":9,"column":3}}]},"1":{"loc":{"start":{"line":7,"column":6},"end":{"line":7,"column":43}},"type":"binary-expr","locations":[{"start":{"line":7,"column":6},"end":{"line":7,"column":20}},{"start":{"line":7,"column":24},"end":{"line":7,"column":43}}]},"2":{"loc":{"start":{"line":11,"column":2},"end":{"line":34,"column":3}},"type":"switch","locations":[{"start":{"line":12,"column":4},"end":{"line":13,"column":31}},{"start":{"line":15,"column":4},"end":{"line":15,"column":18}},{"start":{"line":16,"column":4},"end":{"line":16,"column":16}},{"start":{"line":17,"column":4},"end":{"line":17,"column":19}},{"start":{"line":18,"column":4},"end":{"line":18,"column":18}},{"start":{"line":19,"column":4},"end":{"line":20,"column":33}},{"start":{"line":22,"column":4},"end":{"line":23,"column":34}},{"start":{"line":25,"column":4},"end":{"line":25,"column":18}},{"start":{"line":26,"column":4},"end":{"line":27,"column":33}},{"start":{"line":29,"column":4},"end":{"line":29,"column":18}},{"start":{"line":30,"column":4},"end":{"line":30,"column":16}},{"start":{"line":31,"column":4},"end":{"line":31,"column":19}},{"start":{"line":32,"column":4},"end":{"line":33,"column":33}}]},"3":{"loc":{"start":{"line":41,"column":2},"end":{"line":41,"column":24}},"type":"if","locations":[{"start":{"line":41,"column":2},"end":{"line":41,"column":24}}]},"4":{"loc":{"start":{"line":46,"column":4},"end":{"line":56,"column":5}},"type":"if","locations":[{"start":{"line":46,"column":4},"end":{"line":56,"column":5}},{"start":{"line":49,"column":11},"end":{"line":56,"column":5}}]},"5":{"loc":{"start":{"line":49,"column":11},"end":{"line":56,"column":5}},"type":"if","locations":[{"start":{"line":49,"column":11},"end":{"line":56,"column":5}},{"start":{"line":52,"column":11},"end":{"line":56,"column":5}}]},"6":{"loc":{"start":{"line":52,"column":11},"end":{"line":56,"column":5}},"type":"if","locations":[{"start":{"line":52,"column":11},"end":{"line":56,"column":5}},{"start":{"line":54,"column":11},"end":{"line":56,"column":5}}]},"7":{"loc":{"start":{"line":58,"column":4},"end":{"line":60,"column":5}},"type":"if","locations":[{"start":{"line":58,"column":4},"end":{"line":60,"column":5}}]},"8":{"loc":{"start":{"line":72,"column":2},"end":{"line":74,"column":3}},"type":"if","locations":[{"start":{"line":72,"column":2},"end":{"line":74,"column":3}}]},"9":{"loc":{"start":{"line":72,"column":6},"end":{"line":72,"column":59}},"type":"binary-expr","locations":[{"start":{"line":72,"column":6},"end":{"line":72,"column":20}},{"start":{"line":72,"column":24},"end":{"line":72,"column":43}},{"start":{"line":72,"column":47},"end":{"line":72,"column":59}}]},"10":{"loc":{"start":{"line":77,"column":2},"end":{"line":79,"column":3}},"type":"if","locations":[{"start":{"line":77,"column":2},"end":{"line":79,"column":3}}]},"11":{"loc":{"start":{"line":82,"column":2},"end":{"line":92,"column":3}},"type":"if","locations":[{"start":{"line":82,"column":2},"end":{"line":92,"column":3}},{"start":{"line":84,"column":9},"end":{"line":92,"column":3}}]},"12":{"loc":{"start":{"line":84,"column":9},"end":{"line":92,"column":3}},"type":"if","locations":[{"start":{"line":84,"column":9},"end":{"line":92,"column":3}},{"start":{"line":86,"column":9},"end":{"line":92,"column":3}}]},"13":{"loc":{"start":{"line":86,"column":9},"end":{"line":92,"column":3}},"type":"if","locations":[{"start":{"line":86,"column":9},"end":{"line":92,"column":3}},{"start":{"line":89,"column":9},"end":{"line":92,"column":3}}]},"14":{"loc":{"start":{"line":99,"column":2},"end":{"line":101,"column":3}},"type":"if","locations":[{"start":{"line":99,"column":2},"end":{"line":101,"column":3}}]},"15":{"loc":{"start":{"line":99,"column":6},"end":{"line":99,"column":43}},"type":"binary-expr","locations":[{"start":{"line":99,"column":6},"end":{"line":99,"column":20}},{"start":{"line":99,"column":24},"end":{"line":99,"column":43}}]},"16":{"loc":{"start":{"line":103,"column":2},"end":{"line":105,"column":3}},"type":"if","locations":[{"start":{"line":103,"column":2},"end":{"line":105,"column":3}}]},"17":{"loc":{"start":{"line":104,"column":11},"end":{"line":104,"column":31}},"type":"cond-expr","locations":[{"start":{"line":104,"column":19},"end":{"line":104,"column":24}},{"start":{"line":104,"column":27},"end":{"line":104,"column":31}}]},"18":{"loc":{"start":{"line":109,"column":2},"end":{"line":113,"column":3}},"type":"if","locations":[{"start":{"line":109,"column":2},"end":{"line":113,"column":3}},{"start":{"line":111,"column":9},"end":{"line":113,"column":3}}]},"19":{"loc":{"start":{"line":109,"column":6},"end":{"line":109,"column":76}},"type":"binary-expr","locations":[{"start":{"line":109,"column":6},"end":{"line":109,"column":28}},{"start":{"line":109,"column":32},"end":{"line":109,"column":51}},{"start":{"line":109,"column":55},"end":{"line":109,"column":76}}]},"20":{"loc":{"start":{"line":111,"column":9},"end":{"line":113,"column":3}},"type":"if","locations":[{"start":{"line":111,"column":9},"end":{"line":113,"column":3}}]},"21":{"loc":{"start":{"line":111,"column":13},"end":{"line":111,"column":83}},"type":"binary-expr","locations":[{"start":{"line":111,"column":13},"end":{"line":111,"column":36}},{"start":{"line":111,"column":40},"end":{"line":111,"column":59}},{"start":{"line":111,"column":63},"end":{"line":111,"column":83}}]},"22":{"loc":{"start":{"line":122,"column":2},"end":{"line":124,"column":3}},"type":"if","locations":[{"start":{"line":122,"column":2},"end":{"line":124,"column":3}}]},"23":{"loc":{"start":{"line":122,"column":6},"end":{"line":122,"column":43}},"type":"binary-expr","locations":[{"start":{"line":122,"column":6},"end":{"line":122,"column":20}},{"start":{"line":122,"column":24},"end":{"line":122,"column":43}}]},"24":{"loc":{"start":{"line":126,"column":2},"end":{"line":144,"column":3}},"type":"if","locations":[{"start":{"line":126,"column":2},"end":{"line":144,"column":3}}]},"25":{"loc":{"start":{"line":129,"column":6},"end":{"line":140,"column":7}},"type":"if","locations":[{"start":{"line":129,"column":6},"end":{"line":140,"column":7}},{"start":{"line":131,"column":13},"end":{"line":140,"column":7}}]},"26":{"loc":{"start":{"line":133,"column":8},"end":{"line":139,"column":9}},"type":"if","locations":[{"start":{"line":133,"column":8},"end":{"line":139,"column":9}},{"start":{"line":135,"column":15},"end":{"line":139,"column":9}}]},"27":{"loc":{"start":{"line":135,"column":15},"end":{"line":139,"column":9}},"type":"if","locations":[{"start":{"line":135,"column":15},"end":{"line":139,"column":9}},{"start":{"line":137,"column":15},"end":{"line":139,"column":9}}]},"28":{"loc":{"start":{"line":153,"column":2},"end":{"line":155,"column":3}},"type":"if","locations":[{"start":{"line":153,"column":2},"end":{"line":155,"column":3}}]},"29":{"loc":{"start":{"line":153,"column":6},"end":{"line":153,"column":43}},"type":"binary-expr","locations":[{"start":{"line":153,"column":6},"end":{"line":153,"column":20}},{"start":{"line":153,"column":24},"end":{"line":153,"column":43}}]},"30":{"loc":{"start":{"line":160,"column":2},"end":{"line":162,"column":3}},"type":"if","locations":[{"start":{"line":160,"column":2},"end":{"line":162,"column":3}}]},"31":{"loc":{"start":{"line":171,"column":2},"end":{"line":196,"column":3}},"type":"switch","locations":[{"start":{"line":172,"column":4},"end":{"line":172,"column":16}},{"start":{"line":173,"column":4},"end":{"line":173,"column":19}},{"start":{"line":174,"column":4},"end":{"line":174,"column":17}},{"start":{"line":175,"column":4},"end":{"line":175,"column":16}},{"start":{"line":176,"column":4},"end":{"line":176,"column":18}},{"start":{"line":177,"column":4},"end":{"line":177,"column":17}},{"start":{"line":178,"column":4},"end":{"line":178,"column":22}},{"start":{"line":179,"column":4},"end":{"line":179,"column":24}},{"start":{"line":180,"column":4},"end":{"line":181,"column":22}},{"start":{"line":183,"column":4},"end":{"line":184,"column":20}},{"start":{"line":186,"column":4},"end":{"line":187,"column":23}},{"start":{"line":189,"column":4},"end":{"line":189,"column":16}},{"start":{"line":190,"column":4},"end":{"line":190,"column":19}},{"start":{"line":191,"column":4},"end":{"line":191,"column":18}},{"start":{"line":192,"column":4},"end":{"line":192,"column":18}},{"start":{"line":193,"column":4},"end":{"line":193,"column":18}},{"start":{"line":194,"column":4},"end":{"line":195,"column":22}}]},"32":{"loc":{"start":{"line":234,"column":9},"end":{"line":234,"column":56}},"type":"binary-expr","locations":[{"start":{"line":234,"column":9},"end":{"line":234,"column":35}},{"start":{"line":234,"column":39},"end":{"line":234,"column":56}}]},"33":{"loc":{"start":{"line":240,"column":43},"end":{"line":240,"column":65}},"type":"default-arg","locations":[{"start":{"line":240,"column":63},"end":{"line":240,"column":65}}]},"34":{"loc":{"start":{"line":241,"column":2},"end":{"line":243,"column":3}},"type":"if","locations":[{"start":{"line":241,"column":2},"end":{"line":243,"column":3}}]},"35":{"loc":{"start":{"line":241,"column":6},"end":{"line":241,"column":39}},"type":"binary-expr","locations":[{"start":{"line":241,"column":6},"end":{"line":241,"column":11}},{"start":{"line":241,"column":15},"end":{"line":241,"column":39}}]}},"s":{"0":0,"1":0,"2":0,"3":0,"4":0,"5":0,"6":0,"7":0,"8":0,"9":0,"10":0,"11":0,"12":0,"13":0,"14":0,"15":0,"16":0,"17":0,"18":0,"19":0,"20":0,"21":0,"22":0,"23":0,"24":0,"25":0,"26":0,"27":0,"28":0,"29":0,"30":0,"31":0,"32":0,"33":0,"34":0,"35":0,"36":0,"37":0,"38":0,"39":0,"40":0,"41":0,"42":0,"43":0,"44":0,"45":0,"46":0,"47":0,"48":0,"49":0,"50":0,"51":0,"52":0,"53":0,"54":0,"55":0,"56":0,"57":0,"58":0,"59":0,"60":0,"61":0,"62":0,"63":0,"64":0,"65":0,"66":0,"67":0,"68":0,"69":0,"70":0,"71":0,"72":0,"73":0,"74":0,"75":0,"76":0,"77":0,"78":0,"79":0,"80":0,"81":0,"82":0,"83":0,"84":0,"85":0,"86":0,"87":0,"88":0,"89":0,"90":0,"91":0,"92":0,"93":0,"94":0,"95":0,"96":0},"f":{"0":0,"1":0,"2":0,"3":0,"4":0,"5":0,"6":0,"7":0,"8":0,"9":0,"10":0},"b":{"0":[0],"1":[0,0],"2":[0,0,0,0,0,0,0,0,0,0,0,0,0],"3":[0],"4":[0,0],"5":[0,0],"6":[0,0],"7":[0],"8":[0],"9":[0,0,0],"10":[0],"11":[0,0],"12":[0,0],"13":[0,0],"14":[0],"15":[0,0],"16":[0],"17":[0,0],"18":[0,0],"19":[0,0,0],"20":[0],"21":[0,0,0],"22":[0],"23":[0,0],"24":[0],"25":[0,0],"26":[0,0],"27":[0,0],"28":[0],"29":[0,0],"30":[0],"31":[0,0,0,0,0,0,0,0,0,0,0,0,0,0,0,0,0],"32":[0,0],"33":[0],"34":[0],"35":[0,0]}}
,"/Users/jagankumar/Office/Work/repo/reports/client/src/utils/excelExport.ts": {"path":"/Users/jagankumar/Office/Work/repo/reports/client/src/utils/excelExport.ts","statementMap":{"0":{"start":{"line":14,"column":29},"end":{"line":22,"column":1}},"1":{"start":{"line":15,"column":28},"end":{"line":15,"column":32}},"2":{"start":{"line":18,"column":21},"end":{"line":18,"column":52}},"3":{"start":{"line":21,"column":2},"end":{"line":21,"column":73}},"4":{"start":{"line":14,"column":13},"end":{"line":14,"column":29}},"5":{"start":{"line":27,"column":25},"end":{"line":50,"column":1}},"6":{"start":{"line":29,"column":20},"end":{"line":29,"column":69}},"7":{"start":{"line":29,"column":39},"end":{"line":29,"column":58}},"8":{"start":{"line":32,"column":19},"end":{"line":46,"column":null}},"9":{"start":{"line":33,"column":4},"end":{"line":46,"column":16}},"10":{"start":{"line":34,"column":20},"end":{"line":34,"column":28}},"11":{"start":{"line":35,"column":22},"end":{"line":35,"column":24}},"12":{"start":{"line":37,"column":6},"end":{"line":43,"column":7}},"13":{"start":{"line":38,"column":8},"end":{"line":38,"column":23}},"14":{"start":{"line":39,"column":13},"end":{"line":43,"column":7}},"15":{"start":{"line":40,"column":8},"end":{"line":40,"column":42}},"16":{"start":{"line":42,"column":8},"end":{"line":42,"column":34}},"17":{"start":{"line":45,"column":6},"end":{"line":45,"column":39}},"18":{"start":{"line":49,"column":2},"end":{"line":49,"column":45}},"19":{"start":{"line":55,"column":23},"end":{"line":61,"column":1}},"20":{"start":{"line":57,"column":2},"end":{"line":59,"column":3}},"21":{"start":{"line":58,"column":4},"end":{"line":58,"column":44}},"22":{"start":{"line":60,"column":2},"end":{"line":60,"column":15}},"23":{"start":{"line":66,"column":21},"end":{"line":81,"column":1}},"24":{"start":{"line":67,"column":15},"end":{"line":67,"column":65}},"25":{"start":{"line":68,"column":14},"end":{"line":68,"column":46}},"26":{"start":{"line":70,"column":15},"end":{"line":70,"column":42}},"27":{"start":{"line":71,"column":2},"end":{"line":71,"column":18}},"28":{"start":{"line":72,"column":2},"end":{"line":72,"column":27}},"29":{"start":{"line":73,"column":2},"end":{"line":73,"column":30}},"30":{"start":{"line":75,"column":2},"end":{"line":75,"column":34}},"31":{"start":{"line":76,"column":2},"end":{"line":76,"column":15}},"32":{"start":{"line":77,"column":2},"end":{"line":77,"column":34}},"33":{"start":{"line":80,"column":2},"end":{"line":80,"column":34}},"34":{"start":{"line":86,"column":13},"end":{"line":86,"column":70}},"35":{"start":{"line":98,"column":37},"end":{"line":109,"column":1}},"36":{"start":{"line":99,"column":2},"end":{"line":108,"column":3}},"37":{"start":{"line":100,"column":24},"end":{"line":100,"column":46}},"38":{"start":{"line":101,"column":4},"end":{"line":104,"column":6}},"39":{"start":{"line":105,"column":4},"end":{"line":105,"column":80}},"40":{"start":{"line":107,"column":4},"end":{"line":107,"column":62}},"41":{"start":{"line":98,"column":13},"end":{"line":98,"column":37}},"42":{"start":{"line":114,"column":36},"end":{"line":122,"column":1}},"43":{"start":{"line":115,"column":2},"end":{"line":121,"column":3}},"44":{"start":{"line":116,"column":19},"end":{"line":116,"column":65}},"45":{"start":{"line":117,"column":4},"end":{"line":117,"column":44}},"46":{"start":{"line":119,"column":4},"end":{"line":119,"column":62}},"47":{"start":{"line":120,"column":4},"end":{"line":120,"column":14}},"48":{"start":{"line":114,"column":13},"end":{"line":114,"column":36}},"49":{"start":{"line":127,"column":42},"end":{"line":130,"column":1}},"50":{"start":{"line":128,"column":22},"end":{"line":128,"column":44}},"51":{"start":{"line":129,"column":2},"end":{"line":129,"column":57}},"52":{"start":{"line":127,"column":13},"end":{"line":127,"column":42}},"53":{"start":{"line":135,"column":46},"end":{"line":143,"column":1}},"54":{"start":{"line":136,"column":2},"end":{"line":142,"column":3}},"55":{"start":{"line":137,"column":24},"end":{"line":137,"column":46}},"56":{"start":{"line":138,"column":4},"end":{"line":138,"column":34}},"57":{"start":{"line":139,"column":4},"end":{"line":139,"column":80}},"58":{"start":{"line":141,"column":4},"end":{"line":141,"column":63}},"59":{"start":{"line":135,"column":13},"end":{"line":135,"column":46}}},"fnMap":{"0":{"name":"(anonymous_0)","decl":{"start":{"line":14,"column":29},"end":{"line":14,"column":30}},"loc":{"start":{"line":14,"column":79},"end":{"line":22,"column":1}}},"1":{"name":"(anonymous_1)","decl":{"start":{"line":27,"column":25},"end":{"line":27,"column":26}},"loc":{"start":{"line":27,"column":84},"end":{"line":50,"column":1}}},"2":{"name":"(anonymous_2)","decl":{"start":{"line":29,"column":32},"end":{"line":29,"column":35}},"loc":{"start":{"line":29,"column":39},"end":{"line":29,"column":58}}},"3":{"name":"(anonymous_3)","decl":{"start":{"line":32,"column":28},"end":{"line":32,"column":31}},"loc":{"start":{"line":33,"column":4},"end":{"line":46,"column":16}}},"4":{"name":"(anonymous_4)","decl":{"start":{"line":33,"column":16},"end":{"line":33,"column":19}},"loc":{"start":{"line":33,"column":22},"end":{"line":46,"column":5}}},"5":{"name":"(anonymous_5)","decl":{"start":{"line":55,"column":23},"end":{"line":55,"column":24}},"loc":{"start":{"line":55,"column":49},"end":{"line":61,"column":1}}},"6":{"name":"(anonymous_6)","decl":{"start":{"line":66,"column":21},"end":{"line":66,"column":22}},"loc":{"start":{"line":66,"column":77},"end":{"line":81,"column":1}}},"7":{"name":"(anonymous_7)","decl":{"start":{"line":98,"column":37},"end":{"line":98,"column":38}},"loc":{"start":{"line":98,"column":86},"end":{"line":109,"column":1}}},"8":{"name":"(anonymous_8)","decl":{"start":{"line":114,"column":36},"end":{"line":114,"column":58}},"loc":{"start":{"line":114,"column":60},"end":{"line":122,"column":1}}},"9":{"name":"(anonymous_9)","decl":{"start":{"line":127,"column":42},"end":{"line":127,"column":43}},"loc":{"start":{"line":127,"column":81},"end":{"line":130,"column":1}}},"10":{"name":"(anonymous_10)","decl":{"start":{"line":135,"column":46},"end":{"line":135,"column":47}},"loc":{"start":{"line":135,"column":68},"end":{"line":143,"column":1}}}},"branchMap":{"0":{"loc":{"start":{"line":14,"column":48},"end":{"line":14,"column":75}},"type":"default-arg","locations":[{"start":{"line":14,"column":67},"end":{"line":14,"column":75}}]},"1":{"loc":{"start":{"line":37,"column":6},"end":{"line":43,"column":7}},"type":"if","locations":[{"start":{"line":37,"column":6},"end":{"line":43,"column":7}},{"start":{"line":39,"column":13},"end":{"line":43,"column":7}}]},"2":{"loc":{"start":{"line":37,"column":10},"end":{"line":37,"column":47}},"type":"binary-expr","locations":[{"start":{"line":37,"column":10},"end":{"line":37,"column":29}},{"start":{"line":37,"column":33},"end":{"line":37,"column":47}}]},"3":{"loc":{"start":{"line":39,"column":13},"end":{"line":43,"column":7}},"type":"if","locations":[{"start":{"line":39,"column":13},"end":{"line":43,"column":7}},{"start":{"line":41,"column":13},"end":{"line":43,"column":7}}]},"4":{"loc":{"start":{"line":57,"column":2},"end":{"line":59,"column":3}},"type":"if","locations":[{"start":{"line":57,"column":2},"end":{"line":59,"column":3}}]},"5":{"loc":{"start":{"line":57,"column":6},"end":{"line":57,"column":96}},"type":"binary-expr","locations":[{"start":{"line":57,"column":6},"end":{"line":57,"column":25}},{"start":{"line":57,"column":29},"end":{"line":57,"column":48}},{"start":{"line":57,"column":52},"end":{"line":57,"column":72}},{"start":{"line":57,"column":76},"end":{"line":57,"column":96}}]},"6":{"loc":{"start":{"line":117,"column":11},"end":{"line":117,"column":43}},"type":"cond-expr","locations":[{"start":{"line":117,"column":20},"end":{"line":117,"column":38}},{"start":{"line":117,"column":41},"end":{"line":117,"column":43}}]},"7":{"loc":{"start":{"line":129,"column":9},"end":{"line":129,"column":56}},"type":"binary-expr","locations":[{"start":{"line":129,"column":9},"end":{"line":129,"column":48}},{"start":{"line":129,"column":52},"end":{"line":129,"column":56}}]}},"s":{"0":0,"1":0,"2":0,"3":0,"4":0,"5":0,"6":0,"7":0,"8":0,"9":0,"10":0,"11":0,"12":0,"13":0,"14":0,"15":0,"16":0,"17":0,"18":0,"19":0,"20":0,"21":0,"22":0,"23":0,"24":0,"25":0,"26":0,"27":0,"28":0,"29":0,"30":0,"31":0,"32":0,"33":0,"34":0,"35":0,"36":0,"37":0,"38":0,"39":0,"40":0,"41":0,"42":0,"43":0,"44":0,"45":0,"46":0,"47":0,"48":0,"49":0,"50":0,"51":0,"52":0,"53":0,"54":0,"55":0,"56":0,"57":0,"58":0,"59":0},"f":{"0":0,"1":0,"2":0,"3":0,"4":0,"5":0,"6":0,"7":0,"8":0,"9":0,"10":0},"b":{"0":[0],"1":[0,0],"2":[0,0],"3":[0,0],"4":[0],"5":[0,0,0,0],"6":[0,0],"7":[0,0]}}
}
